2023-11-14 21:16:05,908 [INFO] Activator:176 - 


2023-11-14 21:16:05,912 [INFO] Activator:177 - !SESSION log4j initialized
2023-11-14 21:16:11,340 [INFO] LogOutputStream:77 - [STDOUT_REDIRECT] 
2023-11-14 21:16:33,992 [ERROR] LogOutputStream:75 - [STDERR_REDIRECT] SLF4J: Failed to load class "org.slf4j.impl.StaticLoggerBinder".
2023-11-14 21:16:33,992 [ERROR] LogOutputStream:75 - [STDERR_REDIRECT] SLF4J: Defaulting to no-operation (NOP) logger implementation
2023-11-14 21:16:33,994 [ERROR] LogOutputStream:75 - [STDERR_REDIRECT] SLF4J: See http://www.slf4j.org/codes.html#StaticLoggerBinder for further details.
2023-11-14 21:48:58,996 [INFO] ApplicationProperties:184 - Using Application install path: C:\ST\STM32CubeIDE_1.9.0\STM32CubeIDE\plugins\com.st.stm32cube.common.mx_6.8.1.202304191431
2023-11-14 21:48:59,017 [INFO] DbMcusXml:78 - Set database path to: C:\ST\STM32CubeIDE_1.9.0\STM32CubeIDE\plugins\com.st.stm32cube.common.mx_6.8.1.202304191431\\db\/mcu/
2023-11-14 21:48:59,018 [INFO] ApiDb:274 - Set plugin database path to: C:\ST\STM32CubeIDE_1.9.0\STM32CubeIDE\plugins\com.st.stm32cube.common.mx_6.8.1.202304191431\\db\/plugins/boardmanager/
2023-11-14 21:48:59,020 [WARN] ApiDb:259 - Overriding images path with different value:  => C:\ST\STM32CubeIDE_1.9.0\STM32CubeIDE\plugins\com.st.stm32cube.common.mx_6.8.1.202304191431\\db\/plugins/mcufinder/images/
2023-11-14 21:48:59,036 [INFO] ApiDb:250 - Set database path to: C:\Users\kking\.stmcufinder\plugins\mcufinder//mcu/
2023-11-14 21:48:59,038 [INFO] DbMcusAds:125 - Set database path to: C:\Users\kking\.stmcufinder\plugins\mcufinder//mcu/
2023-11-14 21:48:59,042 [INFO] CrossReferenceDbSqlite:203 - Set database path to: C:\Users\kking\.stmcufinder\plugins\mcufinder//mcu/cs/
2023-11-14 21:48:59,135 [INFO] RulesReader:64 - Compatibility file has been processed (293 Rules)
2023-11-14 21:48:59,211 [INFO] DbMcusXml:78 - Set database path to: C:\ST\STM32CubeIDE_1.9.0\STM32CubeIDE\plugins\com.st.stm32cube.common.mx_6.8.1.202304191431\\db\/mcu/
2023-11-14 21:48:59,211 [INFO] ApiDb:274 - Set plugin database path to: C:\ST\STM32CubeIDE_1.9.0\STM32CubeIDE\plugins\com.st.stm32cube.common.mx_6.8.1.202304191431\\db\/plugins/boardmanager/
2023-11-14 21:48:59,211 [INFO] ApiDb:261 - Set plugin images path to: C:\ST\STM32CubeIDE_1.9.0\STM32CubeIDE\plugins\com.st.stm32cube.common.mx_6.8.1.202304191431\\db\/plugins/mcufinder/images/
2023-11-14 21:48:59,212 [WARN] DbFile:41 - Overriding database path with different value: C:\Users\kking\.stmcufinder\plugins\mcufinder/ => C:\Users\kking\.stmcufinder\plugins\mcufinder
2023-11-14 21:48:59,212 [INFO] ApiDb:250 - Set database path to: C:\Users\kking\.stmcufinder\plugins\mcufinder//mcu/
2023-11-14 21:48:59,212 [WARN] DbFile:41 - Overriding database path with different value: C:\Users\kking\.stmcufinder\plugins\mcufinder/ => C:\Users\kking\.stmcufinder\plugins\mcufinder
2023-11-14 21:48:59,212 [INFO] DbMcusAds:125 - Set database path to: C:\Users\kking\.stmcufinder\plugins\mcufinder//mcu/
2023-11-14 21:48:59,212 [WARN] DbFile:41 - Overriding database path with different value: C:\Users\kking\.stmcufinder\plugins\mcufinder/ => C:\Users\kking\.stmcufinder\plugins\mcufinder
2023-11-14 21:48:59,212 [WARN] DbFile:41 - Overriding database path with different value: C:\Users\kking\.stmcufinder\plugins\mcufinder/ => C:\Users\kking\.stmcufinder\plugins\mcufinder
2023-11-14 21:48:59,212 [INFO] CrossReferenceDbSqlite:203 - Set database path to: C:\Users\kking\.stmcufinder\plugins\mcufinder//mcu/cs/
2023-11-14 21:48:59,280 [INFO] MainPanel:253 - HeapMemory: 502267904
2023-11-14 21:48:59,379 [INFO] DbMcusXml:78 - Set database path to: C:\ST\STM32CubeIDE_1.9.0\STM32CubeIDE\plugins\com.st.stm32cube.common.mx_6.8.1.202304191431\\db\/mcu/
2023-11-14 21:48:59,379 [INFO] ApiDb:274 - Set plugin database path to: C:\ST\STM32CubeIDE_1.9.0\STM32CubeIDE\plugins\com.st.stm32cube.common.mx_6.8.1.202304191431\\db\/plugins/boardmanager/
2023-11-14 21:48:59,380 [INFO] ApiDb:261 - Set plugin images path to: C:\ST\STM32CubeIDE_1.9.0\STM32CubeIDE\plugins\com.st.stm32cube.common.mx_6.8.1.202304191431\\db\/plugins/mcufinder/images/
2023-11-14 21:48:59,380 [WARN] DbFile:41 - Overriding database path with different value: C:\Users\kking\.stmcufinder\plugins\mcufinder/ => C:\Users\kking\.stmcufinder\plugins\mcufinder
2023-11-14 21:48:59,380 [INFO] ApiDb:250 - Set database path to: C:\Users\kking\.stmcufinder\plugins\mcufinder//mcu/
2023-11-14 21:48:59,380 [WARN] DbFile:41 - Overriding database path with different value: C:\Users\kking\.stmcufinder\plugins\mcufinder/ => C:\Users\kking\.stmcufinder\plugins\mcufinder
2023-11-14 21:48:59,380 [INFO] DbMcusAds:125 - Set database path to: C:\Users\kking\.stmcufinder\plugins\mcufinder//mcu/
2023-11-14 21:48:59,381 [WARN] DbFile:41 - Overriding database path with different value: C:\Users\kking\.stmcufinder\plugins\mcufinder/ => C:\Users\kking\.stmcufinder\plugins\mcufinder
2023-11-14 21:48:59,381 [WARN] DbFile:41 - Overriding database path with different value: C:\Users\kking\.stmcufinder\plugins\mcufinder/ => C:\Users\kking\.stmcufinder\plugins\mcufinder
2023-11-14 21:48:59,381 [INFO] CrossReferenceDbSqlite:203 - Set database path to: C:\Users\kking\.stmcufinder\plugins\mcufinder//mcu/cs/
2023-11-14 21:48:59,402 [INFO] ApplicationProperties:184 - Using Application install path: C:\ST\STM32CubeIDE_1.9.0\STM32CubeIDE\plugins\com.st.stm32cube.common.mx_6.8.1.202304191431
2023-11-14 21:48:59,405 [INFO] PluginManage:196 - Search for loadable plugins [exclusion list=, ]
2023-11-14 21:48:59,407 [INFO] PluginManage:310 - Check plugin analytics
2023-11-14 21:48:59,650 [INFO] AnalyticsPlugin:253 - Accepted Software Licenses: STM32CubeMX.6.8.1
2023-11-14 21:48:59,650 [INFO] AnalyticsPlugin:255 - Accepted CMSIS Pack Licenses: 
2023-11-14 21:48:59,651 [INFO] AnalyticsPlugin:257 - Accepted Firmware Licenses: 
2023-11-14 21:48:59,665 [INFO] PluginManage:359 - Loaded plugin analytics (category:tool,tabindex:-1)
2023-11-14 21:48:59,665 [INFO] PluginManage:310 - Check plugin cadmodel
2023-11-14 21:48:59,672 [INFO] CADModel:105 - Init CAD model plugin
2023-11-14 21:48:59,673 [INFO] PluginManage:359 - Loaded plugin cadmodel (category:power,tabindex:5)
2023-11-14 21:48:59,673 [INFO] PluginManage:310 - Check plugin clock
2023-11-14 21:48:59,693 [INFO] PluginManage:359 - Loaded plugin clock (category:base,tabindex:2)
2023-11-14 21:48:59,694 [INFO] PluginManage:310 - Check plugin ddr
2023-11-14 21:48:59,697 [INFO] PluginManage:359 - Loaded plugin ddr (category:tool,tabindex:6)
2023-11-14 21:48:59,697 [INFO] PluginManage:310 - Check plugin filemanager
2023-11-14 21:48:59,874 [INFO] PluginManage:359 - Loaded plugin filemanager (category:base,tabindex:10)
2023-11-14 21:48:59,874 [INFO] PluginManage:310 - Check plugin ipmanager
2023-11-14 21:48:59,883 [INFO] PluginManage:359 - Loaded plugin ipmanager (category:base,tabindex:5)
2023-11-14 21:48:59,883 [INFO] PluginManage:310 - Check plugin lpbam
2023-11-14 21:48:59,894 [INFO] PluginManage:359 - Loaded plugin lpbam (category:base,tabindex:0)
2023-11-14 21:48:59,894 [INFO] PluginManage:310 - Check plugin pinoutandconfiguration
2023-11-14 21:48:59,902 [INFO] PluginManage:359 - Loaded plugin pinoutandconfiguration (category:base,tabindex:1)
2023-11-14 21:48:59,902 [INFO] PluginManage:310 - Check plugin pinoutconfig
2023-11-14 21:48:59,998 [WARN] SupportedApi:132 - Cannot load RTOS API schema: s4s-elt-must-match.1: The content of 'definitions' must match (annotation?, (simpleType | complexType)?, (unique | key | keyref)*)). A problem was found starting at: attribute.
2023-11-14 21:49:00,199 [INFO] PluginManage:359 - Loaded plugin pinoutconfig (category:base,tabindex:0)
2023-11-14 21:49:00,199 [INFO] PluginManage:310 - Check plugin power
2023-11-14 21:49:00,217 [INFO] PluginManage:359 - Loaded plugin power (category:power,tabindex:4)
2023-11-14 21:49:00,218 [INFO] PluginManage:310 - Check plugin projectmanager
2023-11-14 21:49:00,250 [INFO] PluginManage:359 - Loaded plugin projectmanager (category:projectmanager,tabindex:3)
2023-11-14 21:49:00,250 [INFO] PluginManage:310 - Check plugin thirdparty
2023-11-14 21:49:00,457 [INFO] PluginManage:359 - Loaded plugin thirdparty (category:base,tabindex:-1)
2023-11-14 21:49:00,456 [WARN] IntegrityCheckThread:84 - waiting for thirdparty lock release [integrity check]
2023-11-14 21:49:00,457 [INFO] PluginManage:310 - Check plugin tools
2023-11-14 21:49:00,458 [INFO] IntegrityCheckThread:86 - entering critical section [integrity check]
2023-11-14 21:49:00,462 [INFO] PluginManage:359 - Loaded plugin tools (category:base,tabindex:7)
2023-11-14 21:49:00,462 [INFO] PluginManage:310 - Check plugin tutovideos
2023-11-14 21:49:00,464 [INFO] ThirdPartyUpdaterWithRetryManager:70 - Updater plugin not ready yet. [1/15]
2023-11-14 21:49:00,694 [INFO] PluginManage:359 - Loaded plugin tutovideos (category:base,tabindex:-1)
2023-11-14 21:49:00,694 [INFO] PluginManage:310 - Check plugin updater
2023-11-14 21:49:00,709 [INFO] PluginManage:359 - Loaded plugin updater (category:base,tabindex:12)
2023-11-14 21:49:00,709 [INFO] PluginManage:283 - PluginManage : Loaded plugins [15]
2023-11-14 21:49:01,074 [INFO] PinOutPanel:1499 - setPackage(No Configuration,No Configuration)
2023-11-14 21:49:01,154 [INFO] CADModel:165 - CPN selected for project level
2023-11-14 21:49:01,154 [INFO] CADModel:114 - Register for checkConnection events
2023-11-14 21:49:01,191 [INFO] IPUIPlugin:80 - create IPUIPlugin
2023-11-14 21:49:01,192 [INFO] PluginManager:220 - loadIPPluginJar : add adc
2023-11-14 21:49:01,243 [INFO] IPUIPlugin:80 - create IPUIPlugin
2023-11-14 21:49:01,243 [INFO] PluginManager:220 - loadIPPluginJar : add aes
2023-11-14 21:49:01,275 [INFO] IPUIPlugin:80 - create IPUIPlugin
2023-11-14 21:49:01,276 [INFO] PluginManager:220 - loadIPPluginJar : add can
2023-11-14 21:49:01,313 [INFO] IPUIPlugin:80 - create IPUIPlugin
2023-11-14 21:49:01,313 [INFO] PluginManager:220 - loadIPPluginJar : add comp
2023-11-14 21:49:01,342 [INFO] IPUIPlugin:80 - create IPUIPlugin
2023-11-14 21:49:01,342 [INFO] PluginManager:220 - loadIPPluginJar : add cryp
2023-11-14 21:49:01,365 [INFO] IPUIPlugin:80 - create IPUIPlugin
2023-11-14 21:49:01,365 [INFO] PluginManager:220 - loadIPPluginJar : add dfsdm
2023-11-14 21:49:01,380 [INFO] IPUIPlugin:80 - create IPUIPlugin
2023-11-14 21:49:01,381 [INFO] PluginManager:220 - loadIPPluginJar : add dma
2023-11-14 21:49:01,415 [INFO] IPUIPlugin:80 - create IPUIPlugin
2023-11-14 21:49:01,415 [INFO] PluginManager:220 - loadIPPluginJar : add dma3
2023-11-14 21:49:01,434 [INFO] IPUIPlugin:80 - create IPUIPlugin
2023-11-14 21:49:01,434 [INFO] PluginManager:220 - loadIPPluginJar : add fatfs
2023-11-14 21:49:01,524 [INFO] IPUIPlugin:80 - create IPUIPlugin
2023-11-14 21:49:01,524 [INFO] PluginManager:220 - loadIPPluginJar : add fmc
2023-11-14 21:49:01,539 [INFO] IPUIPlugin:80 - create IPUIPlugin
2023-11-14 21:49:01,540 [INFO] PluginManager:220 - loadIPPluginJar : add freertos
2023-11-14 21:49:01,561 [INFO] IPUIPlugin:80 - create IPUIPlugin
2023-11-14 21:49:01,561 [INFO] PluginManager:220 - loadIPPluginJar : add genericplugin
2023-11-14 21:49:01,779 [INFO] IPUIPlugin:80 - create IPUIPlugin
2023-11-14 21:49:01,779 [INFO] PluginManager:220 - loadIPPluginJar : add gfxmmu
2023-11-14 21:49:01,866 [INFO] IPUIPlugin:80 - create IPUIPlugin
2023-11-14 21:49:01,866 [INFO] PluginManager:220 - loadIPPluginJar : add gic
2023-11-14 21:49:01,877 [INFO] IPUIPlugin:80 - create IPUIPlugin
2023-11-14 21:49:01,877 [INFO] PluginManager:220 - loadIPPluginJar : add gpio
2023-11-14 21:49:01,939 [INFO] IPUIPlugin:80 - create IPUIPlugin
2023-11-14 21:49:01,939 [INFO] PluginManager:220 - loadIPPluginJar : add gtzc
2023-11-14 21:49:01,999 [INFO] IPUIPlugin:80 - create IPUIPlugin
2023-11-14 21:49:01,999 [INFO] PluginManager:220 - loadIPPluginJar : add hash
2023-11-14 21:49:02,053 [INFO] IPUIPlugin:80 - create IPUIPlugin
2023-11-14 21:49:02,054 [INFO] PluginManager:220 - loadIPPluginJar : add i2c
2023-11-14 21:49:02,081 [INFO] IPUIPlugin:80 - create IPUIPlugin
2023-11-14 21:49:02,081 [INFO] PluginManager:220 - loadIPPluginJar : add i2s
2023-11-14 21:49:02,108 [INFO] IPUIPlugin:80 - create IPUIPlugin
2023-11-14 21:49:02,109 [INFO] PluginManager:220 - loadIPPluginJar : add i3c
2023-11-14 21:49:02,181 [INFO] IPUIPlugin:80 - create IPUIPlugin
2023-11-14 21:49:02,182 [INFO] PluginManager:220 - loadIPPluginJar : add ipddr
2023-11-14 21:49:02,275 [INFO] IPUIPlugin:80 - create IPUIPlugin
2023-11-14 21:49:02,275 [INFO] PluginManager:220 - loadIPPluginJar : add linkedlist
2023-11-14 21:49:02,334 [INFO] IPUIPlugin:80 - create IPUIPlugin
2023-11-14 21:49:02,334 [INFO] PluginManager:220 - loadIPPluginJar : add lorawan
2023-11-14 21:49:02,379 [INFO] IPUIPlugin:80 - create IPUIPlugin
2023-11-14 21:49:02,379 [INFO] PluginManager:220 - loadIPPluginJar : add ltdc
2023-11-14 21:49:02,394 [INFO] IPUIPlugin:80 - create IPUIPlugin
2023-11-14 21:49:02,394 [INFO] PluginManager:220 - loadIPPluginJar : add mdma
2023-11-14 21:49:02,405 [INFO] IPUIPlugin:80 - create IPUIPlugin
2023-11-14 21:49:02,405 [INFO] PluginManager:220 - loadIPPluginJar : add nvic
2023-11-14 21:49:02,434 [INFO] IPUIPlugin:80 - create IPUIPlugin
2023-11-14 21:49:02,434 [INFO] PluginManager:220 - loadIPPluginJar : add opamp
2023-11-14 21:49:02,491 [INFO] IPUIPlugin:80 - create IPUIPlugin
2023-11-14 21:49:02,492 [INFO] PluginManager:220 - loadIPPluginJar : add openamp
2023-11-14 21:49:02,557 [INFO] IPUIPlugin:80 - create IPUIPlugin
2023-11-14 21:49:02,557 [INFO] PluginManager:220 - loadIPPluginJar : add pdm2pcm
2023-11-14 21:49:02,576 [INFO] IPUIPlugin:80 - create IPUIPlugin
2023-11-14 21:49:02,579 [INFO] PluginManager:220 - loadIPPluginJar : add plateformsettings
2023-11-14 21:49:02,596 [INFO] IPUIPlugin:80 - create IPUIPlugin
2023-11-14 21:49:02,596 [INFO] PluginManager:220 - loadIPPluginJar : add quadspi
2023-11-14 21:49:02,611 [INFO] IPUIPlugin:80 - create IPUIPlugin
2023-11-14 21:49:02,611 [INFO] PluginManager:220 - loadIPPluginJar : add resmgrutility
2023-11-14 21:49:02,698 [INFO] IPUIPlugin:80 - create IPUIPlugin
2023-11-14 21:49:02,698 [INFO] PluginManager:220 - loadIPPluginJar : add sai
2023-11-14 21:49:02,725 [INFO] IPUIPlugin:80 - create IPUIPlugin
2023-11-14 21:49:02,725 [INFO] PluginManager:220 - loadIPPluginJar : add spi
2023-11-14 21:49:02,833 [INFO] IPUIPlugin:80 - create IPUIPlugin
2023-11-14 21:49:02,834 [INFO] PluginManager:220 - loadIPPluginJar : add stm32_wpan
2023-11-14 21:49:02,875 [INFO] IPUIPlugin:80 - create IPUIPlugin
2023-11-14 21:49:02,876 [INFO] PluginManager:220 - loadIPPluginJar : add tim
2023-11-14 21:49:02,912 [INFO] IPUIPlugin:80 - create IPUIPlugin
2023-11-14 21:49:02,912 [INFO] PluginManager:220 - loadIPPluginJar : add touchsensing
2023-11-14 21:49:02,929 [INFO] IPUIPlugin:80 - create IPUIPlugin
2023-11-14 21:49:02,929 [INFO] PluginManager:220 - loadIPPluginJar : add tracer_emb
2023-11-14 21:49:02,975 [INFO] IPUIPlugin:80 - create IPUIPlugin
2023-11-14 21:49:02,975 [INFO] PluginManager:220 - loadIPPluginJar : add ts
2023-11-14 21:49:03,014 [INFO] IPUIPlugin:80 - create IPUIPlugin
2023-11-14 21:49:03,014 [INFO] PluginManager:220 - loadIPPluginJar : add tsc
2023-11-14 21:49:03,033 [INFO] IPUIPlugin:80 - create IPUIPlugin
2023-11-14 21:49:03,033 [INFO] PluginManager:220 - loadIPPluginJar : add ucpd
2023-11-14 21:49:03,063 [INFO] IPUIPlugin:80 - create IPUIPlugin
2023-11-14 21:49:03,063 [INFO] PluginManager:220 - loadIPPluginJar : add usart
2023-11-14 21:49:03,096 [INFO] IPUIPlugin:80 - create IPUIPlugin
2023-11-14 21:49:03,096 [INFO] PluginManager:220 - loadIPPluginJar : add usbx
2023-11-14 21:49:03,222 [INFO] CADModel:165 - CPN selected for project level
2023-11-14 21:49:03,222 [INFO] CADModel:114 - Register for checkConnection events
2023-11-14 21:49:03,222 [FATAL] Updater:308 - Updater called before beeing initialized
2023-11-14 21:49:03,222 [ERROR] CADModel:125 - Updater not yet initialized, retry later 
2023-11-14 21:49:03,407 [INFO] CADModel:165 - CPN selected for project level
2023-11-14 21:49:03,407 [INFO] CADModel:114 - Register for checkConnection events
2023-11-14 21:49:03,407 [FATAL] Updater:308 - Updater called before beeing initialized
2023-11-14 21:49:03,407 [ERROR] CADModel:125 - Updater not yet initialized, retry later 
2023-11-14 21:49:03,414 [FATAL] Updater:308 - Updater called before beeing initialized
2023-11-14 21:49:03,473 [INFO] ThirdPartyUpdaterWithRetryManager:70 - Updater plugin not ready yet. [2/15]
2023-11-14 21:49:03,629 [FATAL] Updater:308 - Updater called before beeing initialized
2023-11-14 21:49:03,647 [INFO] DbMcusAds:53 - JSON generation date=Tue Mar 07 03:50:55 EST 2023 (1678179055335)
2023-11-14 21:49:03,648 [FATAL] Updater:308 - Updater called before beeing initialized
2023-11-14 21:49:03,732 [WARN] DetailPanel:346 - Failed to get advertising image, set to default
2023-11-14 21:49:03,843 [FATAL] Updater:308 - Updater called before beeing initialized
2023-11-14 21:49:03,846 [FATAL] Updater:308 - Updater called before beeing initialized
2023-11-14 21:49:03,846 [FATAL] Updater:308 - Updater called before beeing initialized
2023-11-14 21:49:03,846 [WARN] DetailPanel:346 - Failed to get advertising image, set to default
2023-11-14 21:49:03,847 [FATAL] Updater:308 - Updater called before beeing initialized
2023-11-14 21:49:03,908 [ERROR] Updater:1120 - MainUpdater not yet initialized. External WinMGr cannot be set.
2023-11-14 21:49:03,919 [INFO] Updater:1056 - Updater Version found : 6.8.1
2023-11-14 21:49:03,943 [INFO] ApplicationProperties:184 - Using Application install path: C:\ST\STM32CubeIDE_1.9.0\STM32CubeIDE\plugins\com.st.stm32cube.common.mx_6.8.1.202304191431
2023-11-14 21:49:04,341 [INFO] MainUpdater:2854 - connection check result : 10
2023-11-14 21:49:04,341 [INFO] MainUpdater:283 - Updater Check For Update Now.
2023-11-14 21:49:04,342 [INFO] MicroXplorer:498 - Change Database Version : DB.6.0.81
2023-11-14 21:49:04,560 [INFO] CheckServerUpdateThread:120 - End of CheckServer Thread
2023-11-14 21:49:04,572 [INFO] MainUpdater:2854 - connection check result : 10
2023-11-14 21:49:04,578 [INFO] MainUpdater:2854 - connection check result : 10
2023-11-14 21:49:04,738 [INFO] MicroXplorer:468 - Change Database Path : 
2023-11-14 21:49:04,738 [INFO] MicroXplorer:498 - Change Database Version : DB.6.0.81
2023-11-14 21:49:04,738 [WARN] ThirdParty:871 - waiting for thirdparty lock release [close project]
2023-11-14 21:49:06,690 [WARN] PackLoader:240 - Cannot read IP mode file for STMicroelectronics.X-CUBE-SMBUS.2.1.0
2023-11-14 21:49:06,719 [WARN] PackLoader:240 - Cannot read IP mode file for STMicroelectronics.X-CUBE-AZRTOS-F7.1.1.0
2023-11-14 21:49:06,737 [WARN] PackLoader:240 - Cannot read IP mode file for STMicroelectronics.FP-SNS-MOTENV1.4.3.2
2023-11-14 21:49:06,746 [ERROR] RealEvaluatedCondition:428 - Found unsupported composite condition: CLASS='Data Exchange' GROUP='STM32_MetaDataManager'
2023-11-14 21:49:06,746 [ERROR] RealEvaluatedCondition:428 - Found unsupported composite condition: CLASS='Data Exchange' GROUP='STM32_MetaDataManager'
2023-11-14 21:49:06,749 [WARN] PackLoader:240 - Cannot read IP mode file for STMicroelectronics.FP-SNS-MOTENV1.4.3.1
2023-11-14 21:49:06,757 [WARN] PackLoader:240 - Cannot read IP mode file for STMicroelectronics.FP-SNS-FLIGHT1.5.0.1
2023-11-14 21:49:06,768 [WARN] PackLoader:240 - Cannot read IP mode file for STMicroelectronics.X-CUBE-BLE1.6.2.4
2023-11-14 21:49:06,772 [WARN] PackLoader:240 - Cannot read IP mode file for STMicroelectronics.FP-SNS-FLIGHT1.5.0.2
2023-11-14 21:49:06,781 [WARN] PackLoader:240 - Cannot read IP mode file for STMicroelectronics.X-CUBE-DISPLAY.3.0.0
2023-11-14 21:49:06,794 [WARN] PackLoader:240 - Cannot read IP mode file for STMicroelectronics.X-CUBE-BLE1.7.0.0
2023-11-14 21:49:06,802 [WARN] PackLoader:240 - Cannot read IP mode file for STMicroelectronics.X-CUBE-TOUCHGFX.4.22.0
2023-11-14 21:49:06,804 [WARN] PackLoader:240 - Cannot read IP mode file for STMicroelectronics.X-CUBE-TOUCHGFX.4.22.1
2023-11-14 21:49:06,809 [WARN] PackLoader:240 - Cannot read IP mode file for STMicroelectronics.FP-SNS-SMARTAG2.1.2.0
2023-11-14 21:49:06,821 [WARN] PackLoader:240 - Cannot read IP mode file for WES.I-CUBE-Cesium.1.3.0
2023-11-14 21:49:06,828 [WARN] PackLoader:240 - Cannot read IP mode file for STMicroelectronics.X-CUBE-BLE2.3.3.0
2023-11-14 21:49:06,832 [WARN] PackLoader:240 - Cannot read IP mode file for STMicroelectronics.X-CUBE-TOUCHGFX.4.21.4
2023-11-14 21:49:06,840 [WARN] PackLoader:240 - Cannot read IP mode file for STMicroelectronics.X-CUBE-ALGOBUILD.1.3.0
2023-11-14 21:49:06,863 [WARN] PackLoader:240 - Cannot read IP mode file for STMicroelectronics.X-CUBE-AZRTOS-G0.1.1.0
2023-11-14 21:49:06,879 [WARN] PackLoader:240 - Cannot read IP mode file for STMicroelectronics.X-CUBE-NFC4.3.0.0
2023-11-14 21:49:06,896 [WARN] PackLoader:240 - Cannot read IP mode file for STMicroelectronics.X-CUBE-BLEMGR.3.0.0
2023-11-14 21:49:06,904 [WARN] PackLoader:240 - Cannot read IP mode file for STMicroelectronics.FP-ATR-SIGFOX1.3.2.0
2023-11-14 21:49:06,954 [WARN] PackLoader:240 - Cannot read IP mode file for SEGGER.I-CUBE-embOS.1.3.1
2023-11-14 21:49:07,014 [WARN] PackLoader:240 - Cannot read IP mode file for STMicroelectronics.X-CUBE-GNSS1.6.0.0
2023-11-14 21:49:07,054 [WARN] PackLoader:240 - Cannot read IP mode file for STMicroelectronics.X-CUBE-AZRTOS-F4.1.1.0
2023-11-14 21:49:07,062 [WARN] PackLoader:240 - Cannot read IP mode file for wolfSSL.I-CUBE-wolfSSL.5.6.0
2023-11-14 21:49:07,080 [WARN] PackLoader:240 - Cannot read IP mode file for STMicroelectronics.X-CUBE-AZRTOS-L5.2.0.0
2023-11-14 21:49:07,128 [WARN] PackLoader:240 - Cannot read IP mode file for STMicroelectronics.X-CUBE-MEMS1.9.6.0
2023-11-14 21:49:07,323 [WARN] PackLoader:240 - Cannot read IP mode file for STMicroelectronics.X-CUBE-EEPRMA1.4.2.0
2023-11-14 21:49:07,329 [WARN] PackLoader:240 - Cannot read IP mode file for ITTIA_DB.I-CUBE-ITTIADB.8.8.0
2023-11-14 21:49:07,336 [WARN] PackLoader:240 - Cannot read IP mode file for emotas.I-CUBE-CANOPEN.1.1.3
2023-11-14 21:49:07,344 [WARN] PackLoader:240 - Cannot read IP mode file for STMicroelectronics.X-CUBE-BLEMGR.2.0.0
2023-11-14 21:49:07,372 [WARN] ConditionMgr:438 - getConditionDescription Invalid condition id : UX DEVICE CLASS RTOS Condition cause : null
2023-11-14 21:49:07,372 [WARN] ConditionMgr:438 - getConditionDescription Invalid condition id : UX DEVICE CLASS RTOS Condition cause : null
2023-11-14 21:49:07,375 [WARN] PackLoader:240 - Cannot read IP mode file for STMicroelectronics.X-CUBE-AZRTOS-H7.3.1.0
2023-11-14 21:49:07,377 [WARN] ConditionMgr:1039 - genDependencies : Invalid condition id : UX DEVICE CLASS RTOS Condition cause : null
2023-11-14 21:49:07,378 [WARN] ConditionMgr:1039 - genDependencies : Invalid condition id : UX DEVICE CLASS RTOS Condition cause : null
2023-11-14 21:49:07,379 [WARN] ConditionMgr:1039 - genDependencies : Invalid condition id : UX DEVICE CLASS RTOS Condition cause : null
2023-11-14 21:49:07,379 [WARN] ConditionMgr:1039 - genDependencies : Invalid condition id : UX DEVICE CLASS RTOS Condition cause : null
2023-11-14 21:49:07,379 [WARN] ConditionMgr:1039 - genDependencies : Invalid condition id : UX DEVICE CLASS RTOS Condition cause : null
2023-11-14 21:49:07,386 [WARN] PackLoader:240 - Cannot read IP mode file for STMicroelectronics.X-CUBE-NFC7.1.0.1
2023-11-14 21:49:07,391 [WARN] PackLoader:240 - Cannot read IP mode file for STMicroelectronics.X-CUBE-NFC7.1.0.0
2023-11-14 21:49:07,399 [WARN] PackLoader:240 - Cannot read IP mode file for STMicroelectronics.X-CUBE-NFC6.3.0.0
2023-11-14 21:49:07,406 [WARN] PackLoader:240 - Cannot read IP mode file for STMicroelectronics.X-CUBE-EEPRMA1.4.1.0
2023-11-14 21:49:07,411 [WARN] PackLoader:240 - Cannot read IP mode file for STMicroelectronics.X-CUBE-AI.8.1.0
2023-11-14 21:49:07,427 [WARN] ConditionMgr:438 - getConditionDescription Invalid condition id : LAN8742 Phy interface Condition cause : null
2023-11-14 21:49:07,429 [WARN] PackLoader:240 - Cannot read IP mode file for STMicroelectronics.X-CUBE-AZRTOS-L4.2.0.0
2023-11-14 21:49:07,438 [WARN] ConditionMgr:1039 - genDependencies : Invalid condition id : LAN8742 Phy interface Condition cause : null
2023-11-14 21:49:07,438 [WARN] ConditionMgr:1039 - genDependencies : Invalid condition id : LAN8742 Phy interface Condition cause : null
2023-11-14 21:49:07,439 [WARN] ConditionMgr:1039 - genDependencies : Invalid condition id : LAN8742 Phy interface Condition cause : null
2023-11-14 21:49:07,446 [WARN] PackLoader:240 - Cannot read IP mode file for STMicroelectronics.X-CUBE-SFXS2LP1.4.0.0
2023-11-14 21:49:07,452 [WARN] PackLoader:240 - Cannot read IP mode file for STMicroelectronics.X-CUBE-ISPU.1.1.0
2023-11-14 21:49:07,466 [WARN] ConditionMgr:438 - getConditionDescription Invalid condition id : UX DEVICE CLASS RTOS Condition cause : null
2023-11-14 21:49:07,466 [WARN] ConditionMgr:438 - getConditionDescription Invalid condition id : UX DEVICE CLASS RTOS Condition cause : null
2023-11-14 21:49:07,470 [WARN] PackLoader:240 - Cannot read IP mode file for STMicroelectronics.X-CUBE-AZRTOS-WB.2.0.0
2023-11-14 21:49:07,470 [WARN] ConditionMgr:1039 - genDependencies : Invalid condition id : UX DEVICE CLASS RTOS Condition cause : null
2023-11-14 21:49:07,471 [WARN] ConditionMgr:1039 - genDependencies : Invalid condition id : UX DEVICE CLASS RTOS Condition cause : null
2023-11-14 21:49:07,472 [WARN] ConditionMgr:1039 - genDependencies : Invalid condition id : UX DEVICE CLASS RTOS Condition cause : null
2023-11-14 21:49:07,472 [WARN] ConditionMgr:1039 - genDependencies : Invalid condition id : UX DEVICE CLASS RTOS Condition cause : null
2023-11-14 21:49:07,472 [WARN] ConditionMgr:1039 - genDependencies : Invalid condition id : UX DEVICE CLASS RTOS Condition cause : null
2023-11-14 21:49:07,492 [WARN] PackLoader:240 - Cannot read IP mode file for STMicroelectronics.X-CUBE-FREERTOS.1.0.1
2023-11-14 21:49:07,526 [WARN] PackLoader:240 - Cannot read IP mode file for STMicroelectronics.X-CUBE-AZRTOS-L5.1.1.0
2023-11-14 21:49:07,545 [ERROR] Engine:466 - STMicroelectronics.X-CUBE-AI.8.0.1: 
2023-11-14 21:49:07,572 [WARN] PackLoader:240 - Cannot read IP mode file for STMicroelectronics.X-CUBE-SUBG2.5.0.0
2023-11-14 21:49:07,588 [ERROR] Engine:466 - STMicroelectronics.X-CUBE-TOF1.3.3.1: 
2023-11-14 21:49:07,614 [ERROR] Engine:466 - STMicroelectronics.X-CUBE-AZRTOS-G4.2.0.0: 
2023-11-14 21:49:07,635 [WARN] PackLoader:240 - Cannot read IP mode file for STMicroelectronics.X-CUBE-TOF1.3.3.0
2023-11-14 21:49:07,675 [WARN] PackLoader:240 - Cannot read IP mode file for Infineon.AIROC-Wi-Fi-Bluetooth-STM32.1.5.1
2023-11-14 21:49:07,685 [WARN] PackLoader:240 - Cannot read IP mode file for STMicroelectronics.FP-SNS-MOTENVWB1.1.3.0
2023-11-14 21:49:07,768 [WARN] PackLoader:240 - Cannot read IP mode file for STMicroelectronics.X-CUBE-MEMS1.10.0.0
2023-11-14 21:49:07,938 [WARN] PackLoader:240 - Cannot read IP mode file for STMicroelectronics.X-CUBE-FREERTOS.1.1.0
2023-11-14 21:49:07,961 [WARN] PackLoader:240 - Cannot read IP mode file for STMicroelectronics.X-CUBE-AZRTOS-WL.1.0.0
2023-11-14 21:49:07,983 [WARN] PackLoader:240 - Cannot read IP mode file for portGmbH.I-Cube-SoM-uGOAL.1.1.0
2023-11-14 21:49:08,000 [WARN] PackLoader:240 - Cannot read IP mode file for STMicroelectronics.X-CUBE-ALS.1.0.1
2023-11-14 21:49:08,040 [WARN] PackLoader:240 - Cannot read IP mode file for STMicroelectronics.X-CUBE-AZRTOS-WB.1.1.0
2023-11-14 21:49:08,060 [WARN] PackLoader:240 - Cannot read IP mode file for STMicroelectronics.FP-ATR-ASTRA1.2.0.0
2023-11-14 21:49:08,061 [INFO] ThirdParty:978 - Integrity check success = true
2023-11-14 21:49:08,062 [INFO] IntegrityCheckThread:100 - exiting critical section [integrity check]
2023-11-14 21:49:08,062 [INFO] IntegrityCheckThread:103 - End integrity checks thread
2023-11-14 21:49:08,062 [INFO] ThirdParty:873 - entering critical section [close project]
2023-11-14 21:49:08,064 [INFO] ThirdParty:883 - exiting critical section [close project]
2023-11-14 21:49:08,070 [INFO] PinOutPanel:1499 - setPackage(No Configuration,No Configuration)
2023-11-14 21:49:08,079 [INFO] UtilMem:75 - Begin LoadConfig() Used Memory: 503458464 Bytes (510656512)
2023-11-14 21:49:08,081 [INFO] MicroXplorer:468 - Change Database Path : 
2023-11-14 21:49:08,082 [INFO] MicroXplorer:498 - Change Database Version : DB.6.0.81
2023-11-14 21:49:08,082 [INFO] OpenFileManager:308 - Change cursor
2023-11-14 21:49:08,162 [INFO] Mcu:1937 - Initializing MCU STM32F103C(8-B)Tx STM32F103C8Tx STM32F103C8T6
2023-11-14 21:49:09,546 [INFO] Context:659 - Trying to add GPIOservice into a context  which must be forbidden
2023-11-14 21:49:10,116 [INFO] RtosManager:555 - Registered RTOS mode: class=CMSIS, group=RTOS, mode=CMSIS_V1, owner=FREERTOS
2023-11-14 21:49:10,116 [INFO] RtosManager:555 - Registered RTOS mode: class=CMSIS, group=RTOS2, mode=CMSIS_V2, owner=FREERTOS
2023-11-14 21:49:10,117 [INFO] RtosManager:555 - Registered RTOS mode: class=RTOS, group=Core, mode=CMSIS_V1, owner=FREERTOS
2023-11-14 21:49:10,117 [INFO] RtosManager:555 - Registered RTOS mode: class=RTOS, group=Core, mode=CMSIS_V2, owner=FREERTOS
2023-11-14 21:49:10,117 [WARN] ModelIntegratedComponent:184 - Missing modes for component STMicroelectronics:FreeRTOS:0.0.1:STMicroelectronics:RTOS:FreeRTOS:Core:::10.2.0:
2023-11-14 21:49:10,133 [WARN] ModelIntegratedComponent:63 - No mode defined for component null
2023-11-14 21:49:10,133 [WARN] ModelIntegratedComponent:63 - No mode defined for component null
2023-11-14 21:49:10,133 [WARN] ModelIntegratedComponent:63 - No mode defined for component null
2023-11-14 21:49:10,134 [WARN] ModelIntegratedComponent:63 - No mode defined for component null
2023-11-14 21:49:10,134 [WARN] ModelIntegratedComponent:63 - No mode defined for component null
2023-11-14 21:49:10,134 [WARN] ModelIntegratedComponent:63 - No mode defined for component null
2023-11-14 21:49:10,134 [WARN] ModelIntegratedComponent:63 - No mode defined for component null
2023-11-14 21:49:10,134 [WARN] ModelIntegratedComponent:63 - No mode defined for component null
2023-11-14 21:49:10,134 [WARN] ModelIntegratedComponent:63 - No mode defined for component null
2023-11-14 21:49:10,134 [WARN] ModelIntegratedComponent:63 - No mode defined for component null
2023-11-14 21:49:10,134 [WARN] ModelIntegratedComponent:63 - No mode defined for component null
2023-11-14 21:49:10,134 [WARN] ModelIntegratedComponent:63 - No mode defined for component null
2023-11-14 21:49:10,134 [WARN] ModelIntegratedComponent:63 - No mode defined for component null
2023-11-14 21:49:10,134 [WARN] ModelIntegratedComponent:63 - No mode defined for component null
2023-11-14 21:49:10,134 [WARN] ModelIntegratedComponent:63 - No mode defined for component null
2023-11-14 21:49:10,134 [WARN] ModelIntegratedComponent:63 - No mode defined for component null
2023-11-14 21:49:10,135 [WARN] ModelIntegratedComponent:63 - No mode defined for component null
2023-11-14 21:49:10,135 [WARN] ModelIntegratedComponent:63 - No mode defined for component null
2023-11-14 21:49:10,135 [WARN] ModelIntegratedComponent:63 - No mode defined for component null
2023-11-14 21:49:10,135 [WARN] ModelIntegratedComponent:63 - No mode defined for component null
2023-11-14 21:49:10,135 [WARN] ModelIntegratedComponent:63 - No mode defined for component null
2023-11-14 21:49:10,135 [WARN] ModelIntegratedComponent:63 - No mode defined for component null
2023-11-14 21:49:10,135 [WARN] ModelIntegratedComponent:63 - No mode defined for component null
2023-11-14 21:49:10,135 [WARN] ModelIntegratedComponent:63 - No mode defined for component null
2023-11-14 21:49:10,135 [WARN] ModelIntegratedComponent:63 - No mode defined for component null
2023-11-14 21:49:10,135 [WARN] ModelIntegratedComponent:63 - No mode defined for component null
2023-11-14 21:49:10,135 [WARN] ModelIntegratedComponent:63 - No mode defined for component null
2023-11-14 21:49:10,135 [WARN] ModelIntegratedComponent:63 - No mode defined for component null
2023-11-14 21:49:10,135 [WARN] ModelIntegratedComponent:63 - No mode defined for component null
2023-11-14 21:49:10,135 [WARN] ModelIntegratedComponent:63 - No mode defined for component null
2023-11-14 21:49:10,135 [WARN] ModelIntegratedComponent:63 - No mode defined for component null
2023-11-14 21:49:10,136 [WARN] ModelIntegratedComponent:63 - No mode defined for component null
2023-11-14 21:49:10,136 [WARN] ModelIntegratedComponent:63 - No mode defined for component null
2023-11-14 21:49:10,239 [INFO] ThirdPartyModel:298 - Start build external matchings
2023-11-14 21:49:10,653 [INFO] ThirdPartyModel:316 - End build external matchings
2023-11-14 21:49:10,685 [INFO] ImportTextPane:194 - (OptionalMessage_ERROR) IP (DMA) : Parameter (Instance) has Id (TIM2_CH2/CH4) currently not set
2023-11-14 21:49:10,685 [INFO] ImportTextPane:194 - (OptionalMessage_ERROR) IP (DMA) : Parameter (Direction) has Id (TIM2_CH2/CH4) currently not set
2023-11-14 21:49:10,685 [INFO] ImportTextPane:194 - (OptionalMessage_ERROR) IP (DMA) : Parameter (PeriphInc) has Id (TIM2_CH2/CH4) currently not set
2023-11-14 21:49:10,686 [INFO] ImportTextPane:194 - (OptionalMessage_ERROR) IP (DMA) : Parameter (MemInc) has Id (TIM2_CH2/CH4) currently not set
2023-11-14 21:49:10,686 [INFO] ImportTextPane:194 - (OptionalMessage_ERROR) IP (DMA) : Parameter (PeriphDataAlignment) has Id (TIM2_CH2/CH4) currently not set
2023-11-14 21:49:10,686 [INFO] ImportTextPane:194 - (OptionalMessage_ERROR) IP (DMA) : Parameter (MemDataAlignment) has Id (TIM2_CH2/CH4) currently not set
2023-11-14 21:49:10,686 [INFO] ImportTextPane:194 - (OptionalMessage_ERROR) IP (DMA) : Parameter (Mode) has Id (TIM2_CH2/CH4) currently not set
2023-11-14 21:49:10,686 [INFO] ImportTextPane:194 - (OptionalMessage_ERROR) IP (DMA) : Parameter (Priority) has Id (TIM2_CH2/CH4) currently not set
2023-11-14 21:49:10,990 [INFO] UtilMem:75 - End LoadConfig() Used Memory: 477555608 Bytes (516947968)
2023-11-14 21:49:11,389 [INFO] ApiDb:581 - Connected to CubeFinder SQLite database (C:\Users\kking\.stmcufinder\plugins\mcufinder\mcu\cube-finder-db.db)
2023-11-14 21:49:11,451 [INFO] ApiDb:668 - CubeFinder database Data Model version=2.1
2023-11-14 21:49:11,451 [INFO] ApiDb:669 - CubeFinder database Configuration version=3.0.37
2023-11-14 21:49:11,452 [INFO] ApiDb:670 - CubeFinder database generation date=2023-08-09 (1691586011)
2023-11-14 21:49:11,452 [INFO] ApiDb:671 - CubeFinder database FW Pack versions=[FP-ATR-ASTRA1_V2.0.0, FP-SNS-FLIGHT1_V5.0.1, FP-SNS-FLIGHT1_V5.0.2, FP-SNS-MOTENV1_V4.3.1, FP-SNS-MOTENV1_V4.3.2, STM32Cube_FW_C0_V1.1.0, STM32Cube_FW_F4_V1.27.1, STM32Cube_FW_F7_V1.17.0, STM32Cube_FW_G0_V1.6.1, STM32Cube_FW_G4_V1.5.1, STM32Cube_FW_H5_V0.5.1, STM32Cube_FW_H5_V1.1.0, STM32Cube_FW_H7_V1.11.0, STM32Cube_FW_L0_V1.12.2, STM32Cube_FW_L5_V1.5.0, STM32Cube_FW_U5_V1.3.0, STM32Cube_FW_U5_V1.3.0RC4, STM32Cube_FW_WBA_V1.0.0RC1, STM32Cube_FW_WBA_V1.1.0, STM32Cube_FW_WBA_V1.1.0RC1, STM32Cube_FW_WB_V1.15.0RC1, STM32Cube_FW_WB_V1.16.0, STM32Cube_FW_WB_V1.16.0RC2, STM32Cube_FW_WB_V1.17.0, STM32Cube_FW_WL_V1.3.0, X-CUBE-ALGOBUILD_V1.3.0, X-CUBE-ALS_V1.0.1, X-CUBE-AZRTOS-F4_V1.1.0, X-CUBE-AZRTOS-F7_V1.1.0, X-CUBE-AZRTOS-G0_V1.1.0, X-CUBE-AZRTOS-G4_V2.0.0, X-CUBE-AZRTOS-H7_V3.1.0, X-CUBE-AZRTOS-L4_V1.0.0, X-CUBE-AZRTOS-L4_V2.0.0, X-CUBE-AZRTOS-L5_V1.1.0, X-CUBE-AZRTOS-WB_V1.1.0, X-CUBE-AZRTOS-WL_V2.0.0, X-CUBE-BLE1_V7.0.0, X-CUBE-BLE2_V3.3.0, X-CUBE-BLEMGR_V2.0.0, X-CUBE-EEPRMA1_V4.1.0, X-CUBE-FREERTOS_V1.1.0, X-CUBE-GNSS1_V6.0.0, X-CUBE-MEMS1_V9.1.0, X-CUBE-MEMS1_V9.4.0, X-CUBE-MEMS1_V9.6.0, X-CUBE-NFC4_V3.0.0, X-CUBE-NFC7_V1.0.0, X-CUBE-SFXS2LP1_V4.0.0, X-CUBE-SUBG2_V5.0.0, X-CUBE-TOF1_V3.3.1]
2023-11-14 21:49:13,073 [INFO] ApiDb:240 - Found 297 in-development CPN: [B-G473E-ZEST1S, B-WB1M-WPAN1, B-WL5M-SUBG1, NUCLEO-C031C6, NUCLEO-H503RB, NUCLEO-H563ZI, NUCLEO-U545RE-Q, NUCLEO-U5A5ZJ-Q, NUCLEO-WBA52CG, STEVAL-PROTEUS1, STEVAL-STWINBX1, STM320518-EVAL, STM32C0116-DK, STM32C011D6Y3TR, STM32C011D6Y6TR, STM32C011F4P3, STM32C011F4P6, STM32C011F4U3, STM32C011F4U6TR, STM32C011F6P3, STM32C011F6P6, STM32C011F6U3, STM32C011F6U6TR, STM32C011J4M3, STM32C011J4M6, STM32C011J6M3, STM32C011J6M6, STM32C0316-DK, STM32C031C4T3, STM32C031C4T6, STM32C031C4U3, STM32C031C4U6, STM32C031C6T3, STM32C031C6T6, STM32C031C6U3, STM32C031C6U6, STM32C031F4P3, STM32C031F4P6, STM32C031F6P3, STM32C031F6P6, STM32C031G4U3, STM32C031G4U6, STM32C031G6U3, STM32C031G6U6, STM32C031K4T3, STM32C031K4T6, STM32C031K4U3, STM32C031K4U6, STM32C031K6T3, STM32C031K6T6, STM32C031K6U3, STM32C031K6U6, STM32G071K8TXN, STM32G071K8UXN, STM32G081GBU6N, STM32G081KBT6N, STM32G081KBUXN, STM32G0B1CCT6N, STM32G0B1KCT6, STM32G0B1NEY6TR, STM32G0B1RCT6N, STM32G0C1CCT6, STM32G0C1CCT6N, STM32G0C1CCU6N, STM32G0C1CET6N, STM32G0C1CEU6N, STM32G0C1KCT6, STM32G0C1NEY6TR, STM32G0C1RCI6N, STM32G0C1RCT6N, STM32G0C1REI6N, STM32G0C1RET6N, STM32G0C1VCI6, STM32G0C1VEI6, STM32G471CCT6, STM32G471CCU6, STM32G471CET3, STM32G471CET6, STM32G471CEU3, STM32G471CEU6, STM32G471MCT6, STM32G471MET3, STM32G471MET6, STM32G471MEY6TR, STM32G471QCT6, STM32G471QET3, STM32G471RCT6, STM32G471RET3, STM32G471RET6, STM32G471VCH6, STM32G471VCI6, STM32G471VCT6, STM32G471VEH3, STM32G471VEH6, STM32G471VEI3, STM32G471VEI6, STM32G471VET3, STM32G471VET6, STM32G474CCT6, STM32H503CBT6, STM32H503CBU6, STM32H503EBY6TR, STM32H503KBU6, STM32H503RBT6, STM32H562AGI6, STM32H562AII6, STM32H562IGK6, STM32H562IGT6, STM32H562IIK6, STM32H562IIT6, STM32H562RGT6, STM32H562RGV6, STM32H562RIT6, STM32H562RIV6, STM32H562VGT6, STM32H562VIT6, STM32H562ZGT6, STM32H562ZIT6, STM32H563AGI6, STM32H563AII3Q, STM32H563AII6, STM32H563IGK6, STM32H563IGT6, STM32H563IIK3Q, STM32H563IIK6, STM32H563IIT3Q, STM32H563IIT6, STM32H563MIY3QTR, STM32H563RGT6, STM32H563RGV6, STM32H563RIT6, STM32H563RIV6, STM32H563VGT6, STM32H563VIT3Q, STM32H563VIT6, STM32H563ZGT6, STM32H563ZIT3Q, STM32H563ZIT6, STM32H573AII3Q, STM32H573AII6, STM32H573I-DK, STM32H573IIK3Q, STM32H573IIK6, STM32H573IIT3Q, STM32H573IIT6, STM32H573MIY3QTR, STM32H573RIT6, STM32H573RIV6, STM32H573VIT3Q, STM32H573VIT6, STM32H573ZIT3Q, STM32H573ZIT6, STM32L4R5QGI6STR, STM32MP131AAE3, STM32MP131AAF3, STM32MP131AAG3, STM32MP131CAE3, STM32MP131CAF3, STM32MP131CAG3, STM32MP131DAE7, STM32MP131DAF7, STM32MP131DAG7, STM32MP131FAE7, STM32MP131FAF7, STM32MP131FAG7, STM32MP133AAE3, STM32MP133AAF3, STM32MP133AAG3, STM32MP133CAE3, STM32MP133CAF3, STM32MP133CAG3, STM32MP133DAE7, STM32MP133DAF7, STM32MP133DAG7, STM32MP133FAE7, STM32MP133FAF7, STM32MP133FAG7, STM32MP135AAE3, STM32MP135AAF3, STM32MP135AAG3, STM32MP135CAE3, STM32MP135CAF3, STM32MP135CAG3, STM32MP135DAE7, STM32MP135DAF7, STM32MP135DAG7, STM32MP135F-DK, STM32MP135FAE7, STM32MP135FAF7, STM32MP135FAF7T, STM32MP135FAF7U, STM32MP135FAG7, STM32U535CBT6, STM32U535CBT6Q, STM32U535CBU6, STM32U535CBU6Q, STM32U535CCT6, STM32U535CCT6Q, STM32U535CCU6, STM32U535CCU6Q, STM32U535CET6, STM32U535CET6Q, STM32U535CEU6, STM32U535CEU6Q, STM32U535JEY6QTR, STM32U535NCY6QTR, STM32U535NEY6QTR, STM32U535RBI6, STM32U535RBI6Q, STM32U535RBT6, STM32U535RBT6Q, STM32U535RCI6, STM32U535RCI6Q, STM32U535RCT6, STM32U535RCT6Q, STM32U535REI6, STM32U535REI6Q, STM32U535RET6, STM32U535RET6Q, STM32U535VCI6, STM32U535VCI6Q, STM32U535VCT6, STM32U535VCT6Q, STM32U535VEI6, STM32U535VEI6Q, STM32U535VET6, STM32U535VET6Q, STM32U545CET6, STM32U545CET6Q, STM32U545CEU6, STM32U545CEU6Q, STM32U545JEY6QTR, STM32U545NEY6QTR, STM32U545REI6, STM32U545REI6Q, STM32U545RET6, STM32U545RET6Q, STM32U545VEI6, STM32U545VEI6Q, STM32U545VET6, STM32U545VET6Q, STM32U595AIH6, STM32U595AIH6Q, STM32U595AJH6, STM32U595AJH6Q, STM32U595QII6, STM32U595QII6Q, STM32U595QJI6, STM32U595QJI6Q, STM32U595RIT6, STM32U595RIT6Q, STM32U595RJT6, STM32U595RJT6Q, STM32U595VIT6, STM32U595VIT6Q, STM32U595VJT6, STM32U595VJT6Q, STM32U595ZIT6, STM32U595ZIT6Q, STM32U595ZIY6QTR, STM32U595ZJT6, STM32U595ZJT6Q, STM32U595ZJY6QTR, STM32U599BJY6QTR, STM32U599NIH6Q, STM32U599NJH6Q, STM32U599VIT6Q, STM32U599VJT6, STM32U599VJT6Q, STM32U599ZIT6Q, STM32U599ZIY6QTR, STM32U599ZJT6Q, STM32U599ZJY6QTR, STM32U5A5AJH6, STM32U5A5AJH6Q, STM32U5A5QJI6, STM32U5A5QJI6Q, STM32U5A5RJT6, STM32U5A5RJT6Q, STM32U5A5VJT6, STM32U5A5VJT6Q, STM32U5A5ZJT6, STM32U5A5ZJT6Q, STM32U5A5ZJY6QTR, STM32U5A9BJY6QTR, STM32U5A9J-DK, STM32U5A9NJH6Q, STM32U5A9VJT6Q, STM32U5A9ZJT6Q, STM32U5A9ZJY6QTR, STM32WB1MMCH6, STM32WBA52CEU6, STM32WBA52CEU6T, STM32WBA52CGU6, STM32WBA52CGU6T, STM32WL5MOCH6, STM32WL5MOCH6TR]
2023-11-14 21:49:13,075 [INFO] DbMcus:216 - Found 3825 MCUs, 3825 are supported
2023-11-14 21:49:13,077 [INFO] ApiDb:423 - Load user favorites file C:\Users\kking/.stm32cubeide/favorites.mcus.txt: 0 item(s)
2023-11-14 21:49:13,077 [INFO] ApiDb:427 - User favorites MCUs=[]
2023-11-14 21:49:13,077 [INFO] DbMcus:222 - Set 0 / 0 favorites MCUs
2023-11-14 21:49:13,452 [WARN] ThirdParty:833 - waiting for thirdparty lock release [change project]
2023-11-14 21:49:13,453 [INFO] ThirdParty:835 - entering critical section [change project]
2023-11-14 21:49:13,453 [INFO] ThirdParty:1030 - CMSIS Pack Vendor :STMicroelectronics X-CUBE-ISPU 1.1.0
2023-11-14 21:49:13,453 [INFO] ThirdParty:1030 - CMSIS Pack Vendor :STMicroelectronics X-CUBE-GNSS1 6.0.0
2023-11-14 21:49:13,453 [INFO] ThirdParty:1030 - CMSIS Pack Vendor :STMicroelectronics USB_HOST 2.0.0
2023-11-14 21:49:13,453 [INFO] ThirdParty:1030 - CMSIS Pack Vendor :STMicroelectronics X-CUBE-AZRTOS-F4 1.1.0
2023-11-14 21:49:13,453 [INFO] ThirdParty:1030 - CMSIS Pack Vendor :STMicroelectronics LIBJPEG 8.0.0
2023-11-14 21:49:13,453 [INFO] ThirdParty:1030 - CMSIS Pack Vendor :STMicroelectronics X-CUBE-SMBUS 2.1.0
2023-11-14 21:49:13,453 [INFO] ThirdParty:1030 - CMSIS Pack Vendor :wolfSSL I-CUBE-wolfSSL 5.6.0
2023-11-14 21:49:13,453 [INFO] ThirdParty:1030 - CMSIS Pack Vendor :STMicroelectronics USB_DEVICE 3.0.0
2023-11-14 21:49:13,453 [INFO] ThirdParty:1030 - CMSIS Pack Vendor :STMicroelectronics X-CUBE-AZRTOS-WB 2.0.0
2023-11-14 21:49:13,453 [INFO] ThirdParty:1030 - CMSIS Pack Vendor :STMicroelectronics X-CUBE-FREERTOS 1.0.1
2023-11-14 21:49:13,453 [INFO] ThirdParty:1030 - CMSIS Pack Vendor :STMicroelectronics X-CUBE-AZRTOS-F7 1.1.0
2023-11-14 21:49:13,453 [INFO] ThirdParty:1030 - CMSIS Pack Vendor :STMicroelectronics X-CUBE-TOUCHGFX 4.21.4
2023-11-14 21:49:13,453 [INFO] ThirdParty:1030 - CMSIS Pack Vendor :STMicroelectronics X-CUBE-AZRTOS-L5 2.0.0
2023-11-14 21:49:13,453 [INFO] ThirdParty:1030 - CMSIS Pack Vendor :STMicroelectronics USB_DEVICE 2.0.0
2023-11-14 21:49:13,453 [INFO] ThirdParty:1030 - CMSIS Pack Vendor :STMicroelectronics X-CUBE-MEMS1 9.6.0
2023-11-14 21:49:13,453 [INFO] ThirdParty:1030 - CMSIS Pack Vendor :STMicroelectronics X-CUBE-EEPRMA1 4.2.0
2023-11-14 21:49:13,453 [INFO] ThirdParty:1030 - CMSIS Pack Vendor :ITTIA_DB I-CUBE-ITTIADB 8.8.0
2023-11-14 21:49:13,453 [INFO] ThirdParty:1030 - CMSIS Pack Vendor :STMicroelectronics FP-SNS-MOTENV1 4.3.2
2023-11-14 21:49:13,453 [INFO] ThirdParty:1030 - CMSIS Pack Vendor :STMicroelectronics FP-SNS-MOTENV1 4.3.1
2023-11-14 21:49:13,453 [INFO] ThirdParty:1030 - CMSIS Pack Vendor :STMicroelectronics FP-SNS-FLIGHT1 5.0.1
2023-11-14 21:49:13,453 [INFO] ThirdParty:1030 - CMSIS Pack Vendor :STMicroelectronics X-CUBE-ALGOBUILD 1.3.0
2023-11-14 21:49:13,453 [INFO] ThirdParty:1030 - CMSIS Pack Vendor :STMicroelectronics X-CUBE-BLE1 6.2.4
2023-11-14 21:49:13,453 [INFO] ThirdParty:1030 - CMSIS Pack Vendor :STMicroelectronics X-CUBE-AZRTOS-L5 1.1.0
2023-11-14 21:49:13,453 [INFO] ThirdParty:1030 - CMSIS Pack Vendor :STMicroelectronics FreeRTOS 0.0.1
2023-11-14 21:49:13,453 [INFO] ThirdParty:1030 - CMSIS Pack Vendor :STMicroelectronics X-CUBE-AZRTOS-G0 1.1.0
2023-11-14 21:49:13,453 [INFO] ThirdParty:1030 - CMSIS Pack Vendor :emotas I-CUBE-CANOPEN 1.1.3
2023-11-14 21:49:13,454 [INFO] ThirdParty:1030 - CMSIS Pack Vendor :STMicroelectronics X-CUBE-BLEMGR 2.0.0
2023-11-14 21:49:13,454 [INFO] ThirdParty:1030 - CMSIS Pack Vendor :STMicroelectronics X-CUBE-NFC4 3.0.0
2023-11-14 21:49:13,454 [INFO] ThirdParty:1030 - CMSIS Pack Vendor :STMicroelectronics X-CUBE-SUBG2 5.0.0
2023-11-14 21:49:13,454 [INFO] ThirdParty:1030 - CMSIS Pack Vendor :STMicroelectronics STM32_WPAN 1.0.0
2023-11-14 21:49:13,454 [INFO] ThirdParty:1030 - CMSIS Pack Vendor :STMicroelectronics lwIP 2.0.3
2023-11-14 21:49:13,454 [INFO] ThirdParty:1030 - CMSIS Pack Vendor :STMicroelectronics FP-SNS-FLIGHT1 5.0.2
2023-11-14 21:49:13,454 [INFO] ThirdParty:1030 - CMSIS Pack Vendor :STMicroelectronics USB_HOST 1.0.0
2023-11-14 21:49:13,454 [INFO] ThirdParty:1030 - CMSIS Pack Vendor :STMicroelectronics PDM2PCM 3.1.0
2023-11-14 21:49:13,454 [INFO] ThirdParty:1030 - CMSIS Pack Vendor :STMicroelectronics X-CUBE-AZRTOS-H7 3.1.0
2023-11-14 21:49:13,454 [INFO] ThirdParty:1030 - CMSIS Pack Vendor :STMicroelectronics X-CUBE-TOF1 3.3.0
2023-11-14 21:49:13,454 [INFO] ThirdParty:1030 - CMSIS Pack Vendor :Infineon AIROC-Wi-Fi-Bluetooth-STM32 1.5.1
2023-11-14 21:49:13,454 [INFO] ThirdParty:1030 - CMSIS Pack Vendor :STMicroelectronics X-CUBE-BLEMGR 3.0.0
2023-11-14 21:49:13,454 [INFO] ThirdParty:1030 - CMSIS Pack Vendor :STMicroelectronics PDM2PCM 3.3.0
2023-11-14 21:49:13,454 [INFO] ThirdParty:1030 - CMSIS Pack Vendor :STMicroelectronics X-CUBE-DISPLAY 3.0.0
2023-11-14 21:49:13,454 [INFO] ThirdParty:1030 - CMSIS Pack Vendor :STMicroelectronics FP-SNS-MOTENVWB1 1.3.0
2023-11-14 21:49:13,454 [INFO] ThirdParty:1030 - CMSIS Pack Vendor :STMicroelectronics X-CUBE-BLE1 7.0.0
2023-11-14 21:49:13,454 [INFO] ThirdParty:1030 - CMSIS Pack Vendor :STMicroelectronics FP-ATR-SIGFOX1 3.2.0
2023-11-14 21:49:13,454 [INFO] ThirdParty:1030 - CMSIS Pack Vendor :STMicroelectronics HAL Drivers 0.0.0
2023-11-14 21:49:13,454 [INFO] ThirdParty:1030 - CMSIS Pack Vendor :STMicroelectronics MBEDTLS 2.16.2
2023-11-14 21:49:13,454 [INFO] ThirdParty:1030 - CMSIS Pack Vendor :STMicroelectronics X-CUBE-MEMS1 10.0.0
2023-11-14 21:49:13,454 [INFO] ThirdParty:1030 - CMSIS Pack Vendor :STMicroelectronics X-CUBE-FREERTOS 1.1.0
2023-11-14 21:49:13,454 [INFO] ThirdParty:1030 - CMSIS Pack Vendor :STMicroelectronics X-CUBE-TOUCHGFX 4.22.0
2023-11-14 21:49:13,454 [INFO] ThirdParty:1030 - CMSIS Pack Vendor :STMicroelectronics X-CUBE-NFC7 1.0.1
2023-11-14 21:49:13,455 [INFO] ThirdParty:1030 - CMSIS Pack Vendor :STMicroelectronics MBEDTLS 2.14.1
2023-11-14 21:49:13,455 [INFO] ThirdParty:1030 - CMSIS Pack Vendor :STMicroelectronics X-CUBE-NFC7 1.0.0
2023-11-14 21:49:13,455 [INFO] ThirdParty:1030 - CMSIS Pack Vendor :STMicroelectronics X-CUBE-TOUCHGFX 4.22.1
2023-11-14 21:49:13,455 [INFO] ThirdParty:1030 - CMSIS Pack Vendor :STMicroelectronics X-CUBE-AZRTOS-WL 1.0.0
2023-11-14 21:49:13,455 [INFO] ThirdParty:1030 - CMSIS Pack Vendor :STMicroelectronics X-CUBE-NFC6 3.0.0
2023-11-14 21:49:13,455 [INFO] ThirdParty:1030 - CMSIS Pack Vendor :STMicroelectronics X-CUBE-EEPRMA1 4.1.0
2023-11-14 21:49:13,455 [INFO] ThirdParty:1030 - CMSIS Pack Vendor :portGmbH I-Cube-SoM-uGOAL 1.1.0
2023-11-14 21:49:13,455 [INFO] ThirdParty:1030 - CMSIS Pack Vendor :STMicroelectronics X-CUBE-ALS 1.0.1
2023-11-14 21:49:13,455 [INFO] ThirdParty:1030 - CMSIS Pack Vendor :STMicroelectronics ThreadX 1.0.0
2023-11-14 21:49:13,455 [INFO] ThirdParty:1030 - CMSIS Pack Vendor :STMicroelectronics FP-SNS-SMARTAG2 1.2.0
2023-11-14 21:49:13,455 [INFO] ThirdParty:1030 - CMSIS Pack Vendor :STMicroelectronics X-CUBE-AZRTOS-WB 1.1.0
2023-11-14 21:49:13,455 [INFO] ThirdParty:1030 - CMSIS Pack Vendor :SEGGER I-CUBE-embOS 1.3.1
2023-11-14 21:49:13,456 [INFO] ThirdParty:1030 - CMSIS Pack Vendor :STMicroelectronics USB_DEVICE 1.0.0
2023-11-14 21:49:13,456 [INFO] ThirdParty:1030 - CMSIS Pack Vendor :STMicroelectronics X-CUBE-AI 8.1.0
2023-11-14 21:49:13,456 [INFO] ThirdParty:1030 - CMSIS Pack Vendor :STMicroelectronics X-CUBE-AZRTOS-L4 2.0.0
2023-11-14 21:49:13,456 [INFO] ThirdParty:1030 - CMSIS Pack Vendor :STMicroelectronics ThreadX 0.0.2
2023-11-14 21:49:13,456 [INFO] ThirdParty:1030 - CMSIS Pack Vendor :WES I-CUBE-Cesium 1.3.0
2023-11-14 21:49:13,457 [INFO] ThirdParty:1030 - CMSIS Pack Vendor :STMicroelectronics FP-ATR-ASTRA1 2.0.0
2023-11-14 21:49:13,457 [INFO] ThirdParty:1030 - CMSIS Pack Vendor :STMicroelectronics lwIP 2.1.2
2023-11-14 21:49:13,457 [INFO] ThirdParty:1030 - CMSIS Pack Vendor :STMicroelectronics X-CUBE-SFXS2LP1 4.0.0
2023-11-14 21:49:13,458 [INFO] ThirdParty:1030 - CMSIS Pack Vendor :STMicroelectronics X-CUBE-BLE2 3.3.0
2023-11-14 21:49:13,458 [INFO] ThirdParty:1030 - CMSIS Pack Vendor :STMicroelectronics PDM2PCM 3.2.0
2023-11-14 21:49:13,459 [INFO] ThirdParty:841 - exiting critical section [change project]
2023-11-14 21:49:13,767 [INFO] PinOutPanel:1499 - setPackage(No Configuration,No Configuration)
2023-11-14 21:49:13,768 [INFO] PinOutPanel:1499 - setPackage(STM32F103C8Tx,LQFP48)
2023-11-14 21:49:14,412 [INFO] UtilMem:75 - Before build in PCC Used Memory: 496388696 Bytes (522190848)
2023-11-14 21:49:15,722 [INFO] UtilMem:75 - After build in PCC Used Memory: 512989320 Bytes (522190848)
2023-11-14 21:49:15,769 [INFO] IPUIPlugin:80 - create IPUIPlugin
2023-11-14 21:49:15,769 [INFO] IPUIPlugin:80 - create IPUIPlugin
2023-11-14 21:49:15,769 [INFO] IPUIPlugin:80 - create IPUIPlugin
2023-11-14 21:49:15,770 [INFO] IPUIPlugin:80 - create IPUIPlugin
2023-11-14 21:49:15,770 [INFO] IPUIPlugin:80 - create IPUIPlugin
2023-11-14 21:49:15,770 [INFO] IPUIPlugin:80 - create IPUIPlugin
2023-11-14 21:49:15,770 [INFO] IPUIPlugin:80 - create IPUIPlugin
2023-11-14 21:49:15,770 [INFO] IPUIPlugin:80 - create IPUIPlugin
2023-11-14 21:49:15,770 [INFO] IPUIPlugin:80 - create IPUIPlugin
2023-11-14 21:49:15,770 [INFO] IPUIPlugin:80 - create IPUIPlugin
2023-11-14 21:49:15,770 [INFO] IPUIPlugin:80 - create IPUIPlugin
2023-11-14 21:49:15,772 [INFO] IPUIPlugin:80 - create IPUIPlugin
2023-11-14 21:49:15,772 [INFO] IPUIPlugin:80 - create IPUIPlugin
2023-11-14 21:49:15,772 [INFO] IPUIPlugin:80 - create IPUIPlugin
2023-11-14 21:49:15,772 [INFO] IPUIPlugin:80 - create IPUIPlugin
2023-11-14 21:49:15,772 [INFO] IPUIPlugin:80 - create IPUIPlugin
2023-11-14 21:49:15,772 [INFO] IPUIPlugin:80 - create IPUIPlugin
2023-11-14 21:49:15,772 [INFO] IPUIPlugin:80 - create IPUIPlugin
2023-11-14 21:49:15,773 [INFO] IPUIPlugin:80 - create IPUIPlugin
2023-11-14 21:49:15,773 [INFO] IPUIPlugin:80 - create IPUIPlugin
2023-11-14 21:49:15,773 [INFO] IPUIPlugin:80 - create IPUIPlugin
2023-11-14 21:49:15,773 [INFO] IPUIPlugin:80 - create IPUIPlugin
2023-11-14 21:49:15,774 [INFO] IPUIPlugin:80 - create IPUIPlugin
2023-11-14 21:49:15,774 [INFO] IPUIPlugin:80 - create IPUIPlugin
2023-11-14 21:49:15,775 [INFO] IPUIPlugin:80 - create IPUIPlugin
2023-11-14 21:49:15,775 [INFO] IPUIPlugin:80 - create IPUIPlugin
2023-11-14 21:49:15,775 [INFO] IPUIPlugin:80 - create IPUIPlugin
2023-11-14 21:49:15,795 [WARN] IP:2113 - I2C_Coeff_DF not found: check if there is a RefParameter without a condition.
2023-11-14 21:49:15,795 [WARN] IP:2113 - Analog_Filter not found: check if there is a RefParameter without a condition.
2023-11-14 21:49:16,242 [INFO] CADModel:165 - CPN selected for project levelSTM32F103C8T6
2023-11-14 21:49:16,243 [INFO] CADModel:114 - Register for checkConnection events
2023-11-14 21:49:16,327 [INFO] OpenFileManager:328 - Restore cursor
2023-11-14 21:49:16,561 [WARN] IP:2113 - I2C_Coeff_DF not found: check if there is a RefParameter without a condition.
2023-11-14 21:49:16,562 [WARN] IP:2113 - Analog_Filter not found: check if there is a RefParameter without a condition.
2023-11-14 21:49:16,562 [WARN] IP:2113 - I2C_Coeff_DF not found: check if there is a RefParameter without a condition.
2023-11-14 21:49:16,563 [WARN] IP:2113 - Analog_Filter not found: check if there is a RefParameter without a condition.
2023-11-14 21:50:20,599 [WARN] IP:2113 - I2C_Coeff_DF not found: check if there is a RefParameter without a condition.
2023-11-14 21:50:20,600 [WARN] IP:2113 - Analog_Filter not found: check if there is a RefParameter without a condition.
2023-11-14 21:50:20,602 [WARN] IP:2113 - I2C_Coeff_DF not found: check if there is a RefParameter without a condition.
2023-11-14 21:50:20,602 [WARN] IP:2113 - Analog_Filter not found: check if there is a RefParameter without a condition.
2023-11-14 21:50:20,626 [WARN] IP:2113 - I2C_Coeff_DF not found: check if there is a RefParameter without a condition.
2023-11-14 21:50:20,626 [WARN] IP:2113 - Analog_Filter not found: check if there is a RefParameter without a condition.
2023-11-14 21:50:20,643 [WARN] IP:2113 - I2C_Coeff_DF not found: check if there is a RefParameter without a condition.
2023-11-14 21:50:20,643 [WARN] IP:2113 - Analog_Filter not found: check if there is a RefParameter without a condition.
2023-11-14 21:51:40,899 [WARN] IP:2113 - I2C_Coeff_DF not found: check if there is a RefParameter without a condition.
2023-11-14 21:51:40,899 [WARN] IP:2113 - Analog_Filter not found: check if there is a RefParameter without a condition.
2023-11-14 21:51:40,900 [WARN] IP:2113 - I2C_Coeff_DF not found: check if there is a RefParameter without a condition.
2023-11-14 21:51:40,900 [WARN] IP:2113 - Analog_Filter not found: check if there is a RefParameter without a condition.
2023-11-14 21:51:40,910 [WARN] IP:2113 - I2C_Coeff_DF not found: check if there is a RefParameter without a condition.
2023-11-14 21:51:40,911 [WARN] IP:2113 - Analog_Filter not found: check if there is a RefParameter without a condition.
2023-11-14 21:51:40,920 [WARN] IP:2113 - I2C_Coeff_DF not found: check if there is a RefParameter without a condition.
2023-11-14 21:51:40,920 [WARN] IP:2113 - Analog_Filter not found: check if there is a RefParameter without a condition.
2023-11-14 21:51:44,812 [WARN] IP:2113 - I2C_Coeff_DF not found: check if there is a RefParameter without a condition.
2023-11-14 21:51:44,812 [WARN] IP:2113 - Analog_Filter not found: check if there is a RefParameter without a condition.
2023-11-14 21:51:44,813 [WARN] IP:2113 - I2C_Coeff_DF not found: check if there is a RefParameter without a condition.
2023-11-14 21:51:44,813 [WARN] IP:2113 - Analog_Filter not found: check if there is a RefParameter without a condition.
2023-11-14 21:51:44,820 [WARN] IP:2113 - I2C_Coeff_DF not found: check if there is a RefParameter without a condition.
2023-11-14 21:51:44,820 [WARN] IP:2113 - Analog_Filter not found: check if there is a RefParameter without a condition.
2023-11-14 21:51:44,827 [WARN] IP:2113 - I2C_Coeff_DF not found: check if there is a RefParameter without a condition.
2023-11-14 21:51:44,827 [WARN] IP:2113 - Analog_Filter not found: check if there is a RefParameter without a condition.
2023-11-14 21:51:47,161 [WARN] IP:2113 - I2C_Coeff_DF not found: check if there is a RefParameter without a condition.
2023-11-14 21:51:47,161 [WARN] IP:2113 - Analog_Filter not found: check if there is a RefParameter without a condition.
2023-11-14 21:51:47,161 [WARN] IP:2113 - I2C_Coeff_DF not found: check if there is a RefParameter without a condition.
2023-11-14 21:51:47,161 [WARN] IP:2113 - Analog_Filter not found: check if there is a RefParameter without a condition.
2023-11-14 21:51:47,174 [WARN] IP:2113 - I2C_Coeff_DF not found: check if there is a RefParameter without a condition.
2023-11-14 21:51:47,175 [WARN] IP:2113 - Analog_Filter not found: check if there is a RefParameter without a condition.
2023-11-14 21:51:47,188 [WARN] IP:2113 - I2C_Coeff_DF not found: check if there is a RefParameter without a condition.
2023-11-14 21:51:47,189 [WARN] IP:2113 - Analog_Filter not found: check if there is a RefParameter without a condition.
2023-11-14 21:51:50,215 [WARN] IP:2113 - I2C_Coeff_DF not found: check if there is a RefParameter without a condition.
2023-11-14 21:51:50,216 [WARN] IP:2113 - Analog_Filter not found: check if there is a RefParameter without a condition.
2023-11-14 21:51:50,216 [WARN] IP:2113 - I2C_Coeff_DF not found: check if there is a RefParameter without a condition.
2023-11-14 21:51:50,216 [WARN] IP:2113 - Analog_Filter not found: check if there is a RefParameter without a condition.
2023-11-14 21:51:50,225 [WARN] IP:2113 - I2C_Coeff_DF not found: check if there is a RefParameter without a condition.
2023-11-14 21:51:50,225 [WARN] IP:2113 - Analog_Filter not found: check if there is a RefParameter without a condition.
2023-11-14 21:51:50,238 [WARN] IP:2113 - I2C_Coeff_DF not found: check if there is a RefParameter without a condition.
2023-11-14 21:51:50,238 [WARN] IP:2113 - Analog_Filter not found: check if there is a RefParameter without a condition.
2023-11-14 21:53:18,066 [INFO] NvicIntPanel:101 - NVIC parent = com.st.microxplorer.plugins.ip.nvic.MultiNvicIntPanel[,0,0,0x0,invalid,layout=javax.swing.BoxLayout,alignmentX=0.0,alignmentY=0.0,border=,flags=9,maximumSize=,minimumSize=,preferredSize=]
2023-11-14 21:53:22,585 [INFO] NvicIntPanel:101 - NVIC parent = com.st.microxplorer.plugins.ip.nvic.MultiNvicIntPanel[,0,0,0x0,invalid,layout=javax.swing.BoxLayout,alignmentX=0.0,alignmentY=0.0,border=,flags=9,maximumSize=,minimumSize=,preferredSize=]
2023-11-14 21:54:00,113 [INFO] UtilMem:75 - End SaveConfig() Used Memory: 589654624 Bytes (694157312)
2023-11-14 21:54:01,575 [INFO] UtilMem:75 - End SaveConfig() Used Memory: 608447528 Bytes (694157312)
2023-11-14 21:54:04,873 [INFO] UtilMem:75 - End SaveConfig() Used Memory: 514558872 Bytes (694157312)
2023-11-14 21:54:05,509 [INFO] BlockDiagram:2759 - set Specific Code input for plugin: NVIC
2023-11-14 21:54:05,509 [INFO] BlockDiagram:2759 - set Specific Code input for plugin: DMA
2023-11-14 21:54:05,509 [INFO] BlockDiagram:2759 - set Specific Code input for plugin: TIM1_8F1
2023-11-14 21:54:05,509 [INFO] BlockDiagram:2759 - set Specific Code input for plugin: TIM1_8F1
2023-11-14 21:54:05,510 [INFO] BlockDiagram:2759 - set Specific Code input for plugin: GPIO
2023-11-14 21:54:05,510 [INFO] BlockDiagram:2759 - set Specific Code input for plugin: RCC
2023-11-14 21:54:05,510 [INFO] BlockDiagram:2759 - set Specific Code input for plugin: I2C
2023-11-14 21:54:05,513 [INFO] CodeGenerator:793 - code generatio: config db path: C:\ST\STM32CubeIDE_1.9.0\STM32CubeIDE\plugins\com.st.stm32cube.common.mx_6.8.1.202304191431\\db\
2023-11-14 21:54:05,522 [WARN] IP:2113 - I2C_Coeff_DF not found: check if there is a RefParameter without a condition.
2023-11-14 21:54:05,522 [WARN] IP:2113 - Analog_Filter not found: check if there is a RefParameter without a condition.
2023-11-14 21:54:05,789 [INFO] CodeEngine:255 - oldGeneratedFile, C:\Users\kking\OneDrive\Documents\AVS\Code\Reaction Wheel Flight code\MXTmpFiles\license.tmp_save
2023-11-14 21:54:06,129 [INFO] CodeEngine:279 - Generated code: C:\Users\kking\OneDrive\Documents\AVS\Code\Reaction Wheel Flight code\MXTmpFiles\license.tmp
2023-11-14 21:54:06,270 [INFO] CodeEngine:255 - oldGeneratedFile, C:\Users\kking\OneDrive\Documents\AVS\Code\Reaction Wheel Flight code\MXTmpFiles\gpio.tmp_save
2023-11-14 21:54:06,409 [INFO] CodeEngine:279 - Generated code: C:\Users\kking\OneDrive\Documents\AVS\Code\Reaction Wheel Flight code\MXTmpFiles\gpio.tmp
2023-11-14 21:54:06,641 [INFO] CodeEngine:255 - oldGeneratedFile, C:\Users\kking\OneDrive\Documents\AVS\Code\Reaction Wheel Flight code\MXTmpFiles\dma.tmp_save
2023-11-14 21:54:06,842 [INFO] CodeEngine:279 - Generated code: C:\Users\kking\OneDrive\Documents\AVS\Code\Reaction Wheel Flight code\MXTmpFiles\dma.tmp
2023-11-14 21:54:06,866 [INFO] CodeEngine:255 - oldGeneratedFile, C:\Users\kking\OneDrive\Documents\AVS\Code\Reaction Wheel Flight code\MXTmpFiles\dma_GV.tmp_save
2023-11-14 21:54:06,944 [INFO] CodeEngine:279 - Generated code: C:\Users\kking\OneDrive\Documents\AVS\Code\Reaction Wheel Flight code\MXTmpFiles\dma_GV.tmp
2023-11-14 21:54:06,982 [INFO] CodeEngine:255 - oldGeneratedFile, C:\Users\kking\OneDrive\Documents\AVS\Code\Reaction Wheel Flight code\Core\Src\stm32f1xx_it.c_save
2023-11-14 21:54:07,145 [INFO] CodeEngine:279 - Generated code: C:\Users\kking\OneDrive\Documents\AVS\Code\Reaction Wheel Flight code\Core\Src\stm32f1xx_it.c
2023-11-14 21:54:07,171 [INFO] CodeEngine:255 - oldGeneratedFile, C:\Users\kking\OneDrive\Documents\AVS\Code\Reaction Wheel Flight code\Core\Inc\stm32f1xx_it.h_save
2023-11-14 21:54:07,268 [INFO] CodeEngine:279 - Generated code: C:\Users\kking\OneDrive\Documents\AVS\Code\Reaction Wheel Flight code\Core\Inc\stm32f1xx_it.h
2023-11-14 21:54:07,345 [INFO] CodeEngine:255 - oldGeneratedFile, C:\Users\kking\OneDrive\Documents\AVS\Code\Reaction Wheel Flight code\Core\Src\stm32f1xx_hal_msp.c_save
2023-11-14 21:54:07,541 [INFO] CodeEngine:279 - Generated code: C:\Users\kking\OneDrive\Documents\AVS\Code\Reaction Wheel Flight code\Core\Src\stm32f1xx_hal_msp.c
2023-11-14 21:54:07,561 [INFO] CodeEngine:255 - oldGeneratedFile, C:\Users\kking\OneDrive\Documents\AVS\Code\Reaction Wheel Flight code\MXTmpFiles\system.tmp_save
2023-11-14 21:54:07,632 [INFO] CodeEngine:279 - Generated code: C:\Users\kking\OneDrive\Documents\AVS\Code\Reaction Wheel Flight code\MXTmpFiles\system.tmp
2023-11-14 21:54:07,670 [INFO] CodeEngine:311 - oldGeneratedFile, C:\Users\kking\OneDrive\Documents\AVS\Code\Reaction Wheel Flight code\Core\Inc\stm32f1xx_hal_conf.h_save
2023-11-14 21:54:07,791 [INFO] CodeEngine:335 - Generated code: C:\Users\kking\OneDrive\Documents\AVS\Code\Reaction Wheel Flight code\Core\Inc\stm32f1xx_hal_conf.h
2023-11-14 21:54:07,824 [WARN] IPConfigManager:3431 - IP not found : TIM
2023-11-14 21:54:07,825 [WARN] CodeGenerator:3754 - IP not found : null
2023-11-14 21:54:07,850 [INFO] CodeEngine:255 - oldGeneratedFile, C:\Users\kking\OneDrive\Documents\AVS\Code\Reaction Wheel Flight code\Core\Inc\main.h_save
2023-11-14 21:54:07,950 [INFO] CodeEngine:279 - Generated code: C:\Users\kking\OneDrive\Documents\AVS\Code\Reaction Wheel Flight code\Core\Inc\main.h
2023-11-14 21:54:07,960 [INFO] CodeEngine:255 - oldGeneratedFile, C:\Users\kking\OneDrive\Documents\AVS\Code\Reaction Wheel Flight code\Core\Src\main.c_save
2023-11-14 21:54:08,099 [INFO] CodeEngine:279 - Generated code: C:\Users\kking\OneDrive\Documents\AVS\Code\Reaction Wheel Flight code\Core\Src\main.c
2023-11-14 21:54:08,746 [INFO] ProjectBuilder:2996 - Time for Copy HAL[1] : 200mS.
2023-11-14 21:54:08,756 [INFO] ProjectBuilder:4304 - Project Generator version: 3.19.2
2023-11-14 21:54:09,069 [INFO] ConfigFileManager:1483 - The Die is : DIE410
2023-11-14 21:54:09,087 [INFO] ApiDbMcu:507 - Load IP Config File for FATFS
2023-11-14 21:54:09,098 [INFO] ApiDbMcu:507 - Load IP Config File for FREERTOS
2023-11-14 21:54:09,111 [INFO] ApiDbMcu:507 - Load IP Config File for USB_DEVICE
2023-11-14 21:54:10,124 [INFO] LogOutputStream:77 - [STDOUT_REDIRECT] 
2023-11-14 21:54:12,339 [INFO] ProjectBuilder:4505 - Time for Generating toolchain IDE Files: 3582mS.
2023-11-14 21:54:12,341 [INFO] ProjectBuilder:2867 - Time for Copy CMSIS : 1mS.
2023-11-14 21:54:12,347 [INFO] ProjectBuilder:2867 - Time for Copy CMSIS : 0mS.
