2023-10-17 14:22:00,835 [INFO] Activator:176 - 


2023-10-17 14:22:00,838 [INFO] Activator:177 - !SESSION log4j initialized
2023-10-17 14:22:06,003 [INFO] LogOutputStream:77 - [STDOUT_REDIRECT] 
2023-10-17 14:22:27,378 [ERROR] LogOutputStream:75 - [STDERR_REDIRECT] SLF4J: Failed to load class "org.slf4j.impl.StaticLoggerBinder".
2023-10-17 14:22:27,379 [ERROR] LogOutputStream:75 - [STDERR_REDIRECT] SLF4J: Defaulting to no-operation (NOP) logger implementation
2023-10-17 14:22:27,379 [ERROR] LogOutputStream:75 - [STDERR_REDIRECT] SLF4J: See http://www.slf4j.org/codes.html#StaticLoggerBinder for further details.
2023-10-17 14:28:38,831 [INFO] ApplicationProperties:184 - Using Application install path: C:\ST\STM32CubeIDE_1.9.0\STM32CubeIDE\plugins\com.st.stm32cube.common.mx_6.8.1.202304191431
2023-10-17 14:28:38,850 [INFO] DbMcusXml:78 - Set database path to: C:\ST\STM32CubeIDE_1.9.0\STM32CubeIDE\plugins\com.st.stm32cube.common.mx_6.8.1.202304191431\\db\/mcu/
2023-10-17 14:28:38,850 [INFO] ApiDb:274 - Set plugin database path to: C:\ST\STM32CubeIDE_1.9.0\STM32CubeIDE\plugins\com.st.stm32cube.common.mx_6.8.1.202304191431\\db\/plugins/boardmanager/
2023-10-17 14:28:38,851 [WARN] ApiDb:259 - Overriding images path with different value:  => C:\ST\STM32CubeIDE_1.9.0\STM32CubeIDE\plugins\com.st.stm32cube.common.mx_6.8.1.202304191431\\db\/plugins/mcufinder/images/
2023-10-17 14:28:38,870 [INFO] ApiDb:250 - Set database path to: C:\Users\kking\.stmcufinder\plugins\mcufinder//mcu/
2023-10-17 14:28:38,871 [INFO] DbMcusAds:125 - Set database path to: C:\Users\kking\.stmcufinder\plugins\mcufinder//mcu/
2023-10-17 14:28:38,875 [INFO] CrossReferenceDbSqlite:203 - Set database path to: C:\Users\kking\.stmcufinder\plugins\mcufinder//mcu/cs/
2023-10-17 14:28:38,966 [INFO] RulesReader:64 - Compatibility file has been processed (293 Rules)
2023-10-17 14:28:39,034 [INFO] DbMcusXml:78 - Set database path to: C:\ST\STM32CubeIDE_1.9.0\STM32CubeIDE\plugins\com.st.stm32cube.common.mx_6.8.1.202304191431\\db\/mcu/
2023-10-17 14:28:39,035 [INFO] ApiDb:274 - Set plugin database path to: C:\ST\STM32CubeIDE_1.9.0\STM32CubeIDE\plugins\com.st.stm32cube.common.mx_6.8.1.202304191431\\db\/plugins/boardmanager/
2023-10-17 14:28:39,035 [INFO] ApiDb:261 - Set plugin images path to: C:\ST\STM32CubeIDE_1.9.0\STM32CubeIDE\plugins\com.st.stm32cube.common.mx_6.8.1.202304191431\\db\/plugins/mcufinder/images/
2023-10-17 14:28:39,035 [WARN] DbFile:41 - Overriding database path with different value: C:\Users\kking\.stmcufinder\plugins\mcufinder/ => C:\Users\kking\.stmcufinder\plugins\mcufinder
2023-10-17 14:28:39,035 [INFO] ApiDb:250 - Set database path to: C:\Users\kking\.stmcufinder\plugins\mcufinder//mcu/
2023-10-17 14:28:39,035 [WARN] DbFile:41 - Overriding database path with different value: C:\Users\kking\.stmcufinder\plugins\mcufinder/ => C:\Users\kking\.stmcufinder\plugins\mcufinder
2023-10-17 14:28:39,035 [INFO] DbMcusAds:125 - Set database path to: C:\Users\kking\.stmcufinder\plugins\mcufinder//mcu/
2023-10-17 14:28:39,035 [WARN] DbFile:41 - Overriding database path with different value: C:\Users\kking\.stmcufinder\plugins\mcufinder/ => C:\Users\kking\.stmcufinder\plugins\mcufinder
2023-10-17 14:28:39,035 [WARN] DbFile:41 - Overriding database path with different value: C:\Users\kking\.stmcufinder\plugins\mcufinder/ => C:\Users\kking\.stmcufinder\plugins\mcufinder
2023-10-17 14:28:39,035 [INFO] CrossReferenceDbSqlite:203 - Set database path to: C:\Users\kking\.stmcufinder\plugins\mcufinder//mcu/cs/
2023-10-17 14:28:39,106 [INFO] MainPanel:253 - HeapMemory: 494927872
2023-10-17 14:28:39,225 [INFO] DbMcusXml:78 - Set database path to: C:\ST\STM32CubeIDE_1.9.0\STM32CubeIDE\plugins\com.st.stm32cube.common.mx_6.8.1.202304191431\\db\/mcu/
2023-10-17 14:28:39,225 [INFO] ApiDb:274 - Set plugin database path to: C:\ST\STM32CubeIDE_1.9.0\STM32CubeIDE\plugins\com.st.stm32cube.common.mx_6.8.1.202304191431\\db\/plugins/boardmanager/
2023-10-17 14:28:39,225 [INFO] ApiDb:261 - Set plugin images path to: C:\ST\STM32CubeIDE_1.9.0\STM32CubeIDE\plugins\com.st.stm32cube.common.mx_6.8.1.202304191431\\db\/plugins/mcufinder/images/
2023-10-17 14:28:39,226 [WARN] DbFile:41 - Overriding database path with different value: C:\Users\kking\.stmcufinder\plugins\mcufinder/ => C:\Users\kking\.stmcufinder\plugins\mcufinder
2023-10-17 14:28:39,226 [INFO] ApiDb:250 - Set database path to: C:\Users\kking\.stmcufinder\plugins\mcufinder//mcu/
2023-10-17 14:28:39,226 [WARN] DbFile:41 - Overriding database path with different value: C:\Users\kking\.stmcufinder\plugins\mcufinder/ => C:\Users\kking\.stmcufinder\plugins\mcufinder
2023-10-17 14:28:39,226 [INFO] DbMcusAds:125 - Set database path to: C:\Users\kking\.stmcufinder\plugins\mcufinder//mcu/
2023-10-17 14:28:39,226 [WARN] DbFile:41 - Overriding database path with different value: C:\Users\kking\.stmcufinder\plugins\mcufinder/ => C:\Users\kking\.stmcufinder\plugins\mcufinder
2023-10-17 14:28:39,226 [WARN] DbFile:41 - Overriding database path with different value: C:\Users\kking\.stmcufinder\plugins\mcufinder/ => C:\Users\kking\.stmcufinder\plugins\mcufinder
2023-10-17 14:28:39,226 [INFO] CrossReferenceDbSqlite:203 - Set database path to: C:\Users\kking\.stmcufinder\plugins\mcufinder//mcu/cs/
2023-10-17 14:28:39,245 [INFO] ApplicationProperties:184 - Using Application install path: C:\ST\STM32CubeIDE_1.9.0\STM32CubeIDE\plugins\com.st.stm32cube.common.mx_6.8.1.202304191431
2023-10-17 14:28:39,247 [INFO] PluginManage:196 - Search for loadable plugins [exclusion list=, ]
2023-10-17 14:28:39,248 [INFO] PluginManage:310 - Check plugin analytics
2023-10-17 14:28:39,381 [INFO] AnalyticsPlugin:253 - Accepted Software Licenses: STM32CubeMX.6.8.1
2023-10-17 14:28:39,381 [INFO] AnalyticsPlugin:255 - Accepted CMSIS Pack Licenses: 
2023-10-17 14:28:39,381 [INFO] AnalyticsPlugin:257 - Accepted Firmware Licenses: 
2023-10-17 14:28:39,390 [INFO] PluginManage:359 - Loaded plugin analytics (category:tool,tabindex:-1)
2023-10-17 14:28:39,390 [INFO] PluginManage:310 - Check plugin cadmodel
2023-10-17 14:28:39,405 [INFO] CADModel:105 - Init CAD model plugin
2023-10-17 14:28:39,406 [INFO] PluginManage:359 - Loaded plugin cadmodel (category:power,tabindex:5)
2023-10-17 14:28:39,406 [INFO] PluginManage:310 - Check plugin clock
2023-10-17 14:28:39,421 [INFO] PluginManage:359 - Loaded plugin clock (category:base,tabindex:2)
2023-10-17 14:28:39,421 [INFO] PluginManage:310 - Check plugin ddr
2023-10-17 14:28:39,424 [INFO] PluginManage:359 - Loaded plugin ddr (category:tool,tabindex:6)
2023-10-17 14:28:39,424 [INFO] PluginManage:310 - Check plugin filemanager
2023-10-17 14:28:39,546 [INFO] PluginManage:359 - Loaded plugin filemanager (category:base,tabindex:10)
2023-10-17 14:28:39,546 [INFO] PluginManage:310 - Check plugin ipmanager
2023-10-17 14:28:39,552 [INFO] PluginManage:359 - Loaded plugin ipmanager (category:base,tabindex:5)
2023-10-17 14:28:39,552 [INFO] PluginManage:310 - Check plugin lpbam
2023-10-17 14:28:39,570 [INFO] PluginManage:359 - Loaded plugin lpbam (category:base,tabindex:0)
2023-10-17 14:28:39,570 [INFO] PluginManage:310 - Check plugin pinoutandconfiguration
2023-10-17 14:28:39,587 [INFO] PluginManage:359 - Loaded plugin pinoutandconfiguration (category:base,tabindex:1)
2023-10-17 14:28:39,587 [INFO] PluginManage:310 - Check plugin pinoutconfig
2023-10-17 14:28:39,680 [WARN] SupportedApi:132 - Cannot load RTOS API schema: s4s-elt-must-match.1: The content of 'definitions' must match (annotation?, (simpleType | complexType)?, (unique | key | keyref)*)). A problem was found starting at: attribute.
2023-10-17 14:28:39,819 [INFO] PluginManage:359 - Loaded plugin pinoutconfig (category:base,tabindex:0)
2023-10-17 14:28:39,819 [INFO] PluginManage:310 - Check plugin power
2023-10-17 14:28:39,842 [INFO] PluginManage:359 - Loaded plugin power (category:power,tabindex:4)
2023-10-17 14:28:39,842 [INFO] PluginManage:310 - Check plugin projectmanager
2023-10-17 14:28:39,858 [INFO] PluginManage:359 - Loaded plugin projectmanager (category:projectmanager,tabindex:3)
2023-10-17 14:28:39,858 [INFO] PluginManage:310 - Check plugin thirdparty
2023-10-17 14:28:40,062 [INFO] PluginManage:359 - Loaded plugin thirdparty (category:base,tabindex:-1)
2023-10-17 14:28:40,062 [WARN] IntegrityCheckThread:84 - waiting for thirdparty lock release [integrity check]
2023-10-17 14:28:40,063 [INFO] PluginManage:310 - Check plugin tools
2023-10-17 14:28:40,063 [INFO] IntegrityCheckThread:86 - entering critical section [integrity check]
2023-10-17 14:28:40,067 [INFO] ThirdPartyUpdaterWithRetryManager:70 - Updater plugin not ready yet. [1/15]
2023-10-17 14:28:40,085 [INFO] PluginManage:359 - Loaded plugin tools (category:base,tabindex:7)
2023-10-17 14:28:40,085 [INFO] PluginManage:310 - Check plugin tutovideos
2023-10-17 14:28:40,264 [INFO] PluginManage:359 - Loaded plugin tutovideos (category:base,tabindex:-1)
2023-10-17 14:28:40,264 [INFO] PluginManage:310 - Check plugin updater
2023-10-17 14:28:40,279 [INFO] PluginManage:359 - Loaded plugin updater (category:base,tabindex:12)
2023-10-17 14:28:40,279 [INFO] PluginManage:283 - PluginManage : Loaded plugins [15]
2023-10-17 14:28:40,611 [INFO] PinOutPanel:1499 - setPackage(No Configuration,No Configuration)
2023-10-17 14:28:40,662 [INFO] CADModel:165 - CPN selected for project level
2023-10-17 14:28:40,663 [INFO] CADModel:114 - Register for checkConnection events
2023-10-17 14:28:40,689 [INFO] IPUIPlugin:80 - create IPUIPlugin
2023-10-17 14:28:40,689 [INFO] PluginManager:220 - loadIPPluginJar : add adc
2023-10-17 14:28:40,716 [INFO] IPUIPlugin:80 - create IPUIPlugin
2023-10-17 14:28:40,716 [INFO] PluginManager:220 - loadIPPluginJar : add aes
2023-10-17 14:28:40,752 [INFO] IPUIPlugin:80 - create IPUIPlugin
2023-10-17 14:28:40,752 [INFO] PluginManager:220 - loadIPPluginJar : add can
2023-10-17 14:28:40,768 [INFO] IPUIPlugin:80 - create IPUIPlugin
2023-10-17 14:28:40,768 [INFO] PluginManager:220 - loadIPPluginJar : add comp
2023-10-17 14:28:40,813 [INFO] IPUIPlugin:80 - create IPUIPlugin
2023-10-17 14:28:40,813 [INFO] PluginManager:220 - loadIPPluginJar : add cryp
2023-10-17 14:28:40,843 [INFO] IPUIPlugin:80 - create IPUIPlugin
2023-10-17 14:28:40,843 [INFO] PluginManager:220 - loadIPPluginJar : add dfsdm
2023-10-17 14:28:40,856 [INFO] IPUIPlugin:80 - create IPUIPlugin
2023-10-17 14:28:40,857 [INFO] PluginManager:220 - loadIPPluginJar : add dma
2023-10-17 14:28:40,889 [INFO] IPUIPlugin:80 - create IPUIPlugin
2023-10-17 14:28:40,889 [INFO] PluginManager:220 - loadIPPluginJar : add dma3
2023-10-17 14:28:40,904 [INFO] IPUIPlugin:80 - create IPUIPlugin
2023-10-17 14:28:40,904 [INFO] PluginManager:220 - loadIPPluginJar : add fatfs
2023-10-17 14:28:40,938 [INFO] IPUIPlugin:80 - create IPUIPlugin
2023-10-17 14:28:40,938 [INFO] PluginManager:220 - loadIPPluginJar : add fmc
2023-10-17 14:28:40,957 [INFO] IPUIPlugin:80 - create IPUIPlugin
2023-10-17 14:28:40,957 [INFO] PluginManager:220 - loadIPPluginJar : add freertos
2023-10-17 14:28:40,972 [INFO] IPUIPlugin:80 - create IPUIPlugin
2023-10-17 14:28:40,972 [INFO] PluginManager:220 - loadIPPluginJar : add genericplugin
2023-10-17 14:28:41,035 [INFO] IPUIPlugin:80 - create IPUIPlugin
2023-10-17 14:28:41,035 [INFO] PluginManager:220 - loadIPPluginJar : add gfxmmu
2023-10-17 14:28:41,117 [INFO] IPUIPlugin:80 - create IPUIPlugin
2023-10-17 14:28:41,117 [INFO] PluginManager:220 - loadIPPluginJar : add gic
2023-10-17 14:28:41,128 [INFO] IPUIPlugin:80 - create IPUIPlugin
2023-10-17 14:28:41,128 [INFO] PluginManager:220 - loadIPPluginJar : add gpio
2023-10-17 14:28:41,184 [INFO] IPUIPlugin:80 - create IPUIPlugin
2023-10-17 14:28:41,184 [INFO] PluginManager:220 - loadIPPluginJar : add gtzc
2023-10-17 14:28:41,206 [INFO] IPUIPlugin:80 - create IPUIPlugin
2023-10-17 14:28:41,206 [INFO] PluginManager:220 - loadIPPluginJar : add hash
2023-10-17 14:28:41,240 [INFO] IPUIPlugin:80 - create IPUIPlugin
2023-10-17 14:28:41,240 [INFO] PluginManager:220 - loadIPPluginJar : add i2c
2023-10-17 14:28:41,264 [INFO] IPUIPlugin:80 - create IPUIPlugin
2023-10-17 14:28:41,265 [INFO] PluginManager:220 - loadIPPluginJar : add i2s
2023-10-17 14:28:41,291 [INFO] IPUIPlugin:80 - create IPUIPlugin
2023-10-17 14:28:41,291 [INFO] PluginManager:220 - loadIPPluginJar : add i3c
2023-10-17 14:28:41,354 [INFO] IPUIPlugin:80 - create IPUIPlugin
2023-10-17 14:28:41,355 [INFO] PluginManager:220 - loadIPPluginJar : add ipddr
2023-10-17 14:28:41,420 [INFO] IPUIPlugin:80 - create IPUIPlugin
2023-10-17 14:28:41,420 [INFO] PluginManager:220 - loadIPPluginJar : add linkedlist
2023-10-17 14:28:41,446 [INFO] IPUIPlugin:80 - create IPUIPlugin
2023-10-17 14:28:41,446 [INFO] PluginManager:220 - loadIPPluginJar : add lorawan
2023-10-17 14:28:41,469 [INFO] IPUIPlugin:80 - create IPUIPlugin
2023-10-17 14:28:41,471 [INFO] PluginManager:220 - loadIPPluginJar : add ltdc
2023-10-17 14:28:41,484 [INFO] IPUIPlugin:80 - create IPUIPlugin
2023-10-17 14:28:41,485 [INFO] PluginManager:220 - loadIPPluginJar : add mdma
2023-10-17 14:28:41,494 [INFO] IPUIPlugin:80 - create IPUIPlugin
2023-10-17 14:28:41,495 [INFO] PluginManager:220 - loadIPPluginJar : add nvic
2023-10-17 14:28:41,522 [INFO] IPUIPlugin:80 - create IPUIPlugin
2023-10-17 14:28:41,522 [INFO] PluginManager:220 - loadIPPluginJar : add opamp
2023-10-17 14:28:41,571 [INFO] IPUIPlugin:80 - create IPUIPlugin
2023-10-17 14:28:41,571 [INFO] PluginManager:220 - loadIPPluginJar : add openamp
2023-10-17 14:28:41,618 [INFO] IPUIPlugin:80 - create IPUIPlugin
2023-10-17 14:28:41,619 [INFO] PluginManager:220 - loadIPPluginJar : add pdm2pcm
2023-10-17 14:28:41,634 [INFO] IPUIPlugin:80 - create IPUIPlugin
2023-10-17 14:28:41,640 [INFO] PluginManager:220 - loadIPPluginJar : add plateformsettings
2023-10-17 14:28:41,659 [INFO] IPUIPlugin:80 - create IPUIPlugin
2023-10-17 14:28:41,659 [INFO] PluginManager:220 - loadIPPluginJar : add quadspi
2023-10-17 14:28:41,671 [INFO] IPUIPlugin:80 - create IPUIPlugin
2023-10-17 14:28:41,671 [INFO] PluginManager:220 - loadIPPluginJar : add resmgrutility
2023-10-17 14:28:41,711 [INFO] IPUIPlugin:80 - create IPUIPlugin
2023-10-17 14:28:41,711 [INFO] PluginManager:220 - loadIPPluginJar : add sai
2023-10-17 14:28:41,736 [INFO] IPUIPlugin:80 - create IPUIPlugin
2023-10-17 14:28:41,736 [INFO] PluginManager:220 - loadIPPluginJar : add spi
2023-10-17 14:28:41,780 [INFO] IPUIPlugin:80 - create IPUIPlugin
2023-10-17 14:28:41,781 [INFO] PluginManager:220 - loadIPPluginJar : add stm32_wpan
2023-10-17 14:28:41,797 [INFO] IPUIPlugin:80 - create IPUIPlugin
2023-10-17 14:28:41,797 [INFO] PluginManager:220 - loadIPPluginJar : add tim
2023-10-17 14:28:41,837 [INFO] IPUIPlugin:80 - create IPUIPlugin
2023-10-17 14:28:41,837 [INFO] PluginManager:220 - loadIPPluginJar : add touchsensing
2023-10-17 14:28:41,852 [INFO] IPUIPlugin:80 - create IPUIPlugin
2023-10-17 14:28:41,852 [INFO] PluginManager:220 - loadIPPluginJar : add tracer_emb
2023-10-17 14:28:41,867 [INFO] IPUIPlugin:80 - create IPUIPlugin
2023-10-17 14:28:41,867 [INFO] PluginManager:220 - loadIPPluginJar : add ts
2023-10-17 14:28:41,881 [INFO] IPUIPlugin:80 - create IPUIPlugin
2023-10-17 14:28:41,881 [INFO] PluginManager:220 - loadIPPluginJar : add tsc
2023-10-17 14:28:41,901 [INFO] IPUIPlugin:80 - create IPUIPlugin
2023-10-17 14:28:41,901 [INFO] PluginManager:220 - loadIPPluginJar : add ucpd
2023-10-17 14:28:41,928 [INFO] IPUIPlugin:80 - create IPUIPlugin
2023-10-17 14:28:41,928 [INFO] PluginManager:220 - loadIPPluginJar : add usart
2023-10-17 14:28:41,956 [INFO] IPUIPlugin:80 - create IPUIPlugin
2023-10-17 14:28:41,956 [INFO] PluginManager:220 - loadIPPluginJar : add usbx
2023-10-17 14:28:42,095 [INFO] CADModel:165 - CPN selected for project level
2023-10-17 14:28:42,095 [INFO] CADModel:114 - Register for checkConnection events
2023-10-17 14:28:42,095 [FATAL] Updater:308 - Updater called before beeing initialized
2023-10-17 14:28:42,096 [ERROR] CADModel:125 - Updater not yet initialized, retry later 
2023-10-17 14:28:42,290 [INFO] CADModel:165 - CPN selected for project level
2023-10-17 14:28:42,290 [INFO] CADModel:114 - Register for checkConnection events
2023-10-17 14:28:42,290 [FATAL] Updater:308 - Updater called before beeing initialized
2023-10-17 14:28:42,290 [ERROR] CADModel:125 - Updater not yet initialized, retry later 
2023-10-17 14:28:42,294 [FATAL] Updater:308 - Updater called before beeing initialized
2023-10-17 14:28:42,428 [FATAL] Updater:308 - Updater called before beeing initialized
2023-10-17 14:28:42,438 [INFO] DbMcusAds:53 - JSON generation date=Tue Mar 07 03:50:55 EST 2023 (1678179055114)
2023-10-17 14:28:42,438 [FATAL] Updater:308 - Updater called before beeing initialized
2023-10-17 14:28:42,495 [WARN] DetailPanel:346 - Failed to get advertising image, set to default
2023-10-17 14:28:42,572 [FATAL] Updater:308 - Updater called before beeing initialized
2023-10-17 14:28:42,576 [FATAL] Updater:308 - Updater called before beeing initialized
2023-10-17 14:28:42,576 [FATAL] Updater:308 - Updater called before beeing initialized
2023-10-17 14:28:42,576 [WARN] DetailPanel:346 - Failed to get advertising image, set to default
2023-10-17 14:28:42,577 [FATAL] Updater:308 - Updater called before beeing initialized
2023-10-17 14:28:42,637 [ERROR] Updater:1120 - MainUpdater not yet initialized. External WinMGr cannot be set.
2023-10-17 14:28:42,646 [INFO] Updater:1056 - Updater Version found : 6.8.1
2023-10-17 14:28:42,665 [INFO] ApplicationProperties:184 - Using Application install path: C:\ST\STM32CubeIDE_1.9.0\STM32CubeIDE\plugins\com.st.stm32cube.common.mx_6.8.1.202304191431
2023-10-17 14:28:43,002 [INFO] MainUpdater:2854 - connection check result : 10
2023-10-17 14:28:43,003 [INFO] MainUpdater:283 - Updater Check For Update Now.
2023-10-17 14:28:43,003 [INFO] MicroXplorer:498 - Change Database Version : DB.6.0.81
2023-10-17 14:28:43,069 [WARN] MainUpdater:1187 - Updater busy. Cannot search thirdparties
2023-10-17 14:28:43,069 [INFO] ThirdPartyUpdaterWithRetryManager:96 - Updater plugin is busy. [1/15]
2023-10-17 14:28:43,190 [INFO] CheckServerUpdateThread:120 - End of CheckServer Thread
2023-10-17 14:28:43,242 [INFO] MainUpdater:2854 - connection check result : 10
2023-10-17 14:28:43,249 [INFO] MainUpdater:2854 - connection check result : 10
2023-10-17 14:28:43,407 [INFO] MicroXplorer:468 - Change Database Path : 
2023-10-17 14:28:43,407 [INFO] MicroXplorer:498 - Change Database Version : DB.6.0.81
2023-10-17 14:28:43,409 [WARN] ThirdParty:871 - waiting for thirdparty lock release [close project]
2023-10-17 14:28:46,225 [WARN] PackLoader:240 - Cannot read IP mode file for STMicroelectronics.X-CUBE-SMBUS.2.1.0
2023-10-17 14:28:46,268 [WARN] PackLoader:240 - Cannot read IP mode file for STMicroelectronics.X-CUBE-AZRTOS-F7.1.1.0
2023-10-17 14:28:46,282 [WARN] PackLoader:240 - Cannot read IP mode file for STMicroelectronics.FP-SNS-MOTENV1.4.3.2
2023-10-17 14:28:46,295 [ERROR] RealEvaluatedCondition:428 - Found unsupported composite condition: CLASS='Data Exchange' GROUP='STM32_MetaDataManager'
2023-10-17 14:28:46,295 [ERROR] RealEvaluatedCondition:428 - Found unsupported composite condition: GROUP='STM32_MetaDataManager' CLASS='Data Exchange'
2023-10-17 14:28:46,297 [WARN] PackLoader:240 - Cannot read IP mode file for STMicroelectronics.FP-SNS-MOTENV1.4.3.1
2023-10-17 14:28:46,306 [WARN] PackLoader:240 - Cannot read IP mode file for STMicroelectronics.FP-SNS-FLIGHT1.5.0.1
2023-10-17 14:28:46,316 [WARN] PackLoader:240 - Cannot read IP mode file for STMicroelectronics.X-CUBE-BLE1.6.2.4
2023-10-17 14:28:46,324 [WARN] PackLoader:240 - Cannot read IP mode file for STMicroelectronics.FP-SNS-FLIGHT1.5.0.2
2023-10-17 14:28:46,334 [WARN] PackLoader:240 - Cannot read IP mode file for STMicroelectronics.X-CUBE-DISPLAY.3.0.0
2023-10-17 14:28:46,345 [WARN] PackLoader:240 - Cannot read IP mode file for STMicroelectronics.X-CUBE-BLE1.7.0.0
2023-10-17 14:28:46,361 [WARN] PackLoader:240 - Cannot read IP mode file for STMicroelectronics.X-CUBE-TOUCHGFX.4.22.0
2023-10-17 14:28:46,369 [WARN] PackLoader:240 - Cannot read IP mode file for STMicroelectronics.X-CUBE-TOUCHGFX.4.22.1
2023-10-17 14:28:46,380 [WARN] PackLoader:240 - Cannot read IP mode file for STMicroelectronics.FP-SNS-SMARTAG2.1.2.0
2023-10-17 14:28:46,395 [WARN] PackLoader:240 - Cannot read IP mode file for WES.I-CUBE-Cesium.1.3.0
2023-10-17 14:28:46,404 [WARN] PackLoader:240 - Cannot read IP mode file for STMicroelectronics.X-CUBE-BLE2.3.3.0
2023-10-17 14:28:46,415 [WARN] PackLoader:240 - Cannot read IP mode file for STMicroelectronics.X-CUBE-TOUCHGFX.4.21.4
2023-10-17 14:28:46,433 [WARN] PackLoader:240 - Cannot read IP mode file for STMicroelectronics.X-CUBE-ALGOBUILD.1.3.0
2023-10-17 14:28:46,472 [WARN] PackLoader:240 - Cannot read IP mode file for STMicroelectronics.X-CUBE-AZRTOS-G0.1.1.0
2023-10-17 14:28:46,497 [WARN] PackLoader:240 - Cannot read IP mode file for STMicroelectronics.X-CUBE-NFC4.3.0.0
2023-10-17 14:28:46,511 [WARN] PackLoader:240 - Cannot read IP mode file for STMicroelectronics.FP-ATR-SIGFOX1.3.2.0
2023-10-17 14:28:46,546 [WARN] PackLoader:240 - Cannot read IP mode file for SEGGER.I-CUBE-embOS.1.3.1
2023-10-17 14:28:46,588 [WARN] PackLoader:240 - Cannot read IP mode file for STMicroelectronics.X-CUBE-GNSS1.6.0.0
2023-10-17 14:28:46,612 [WARN] PackLoader:240 - Cannot read IP mode file for STMicroelectronics.X-CUBE-AZRTOS-F4.1.1.0
2023-10-17 14:28:46,652 [WARN] PackLoader:240 - Cannot read IP mode file for wolfSSL.I-CUBE-wolfSSL.5.6.0
2023-10-17 14:28:46,673 [WARN] PackLoader:240 - Cannot read IP mode file for STMicroelectronics.X-CUBE-AZRTOS-L5.2.0.0
2023-10-17 14:28:46,719 [WARN] PackLoader:240 - Cannot read IP mode file for STMicroelectronics.X-CUBE-MEMS1.9.6.0
2023-10-17 14:28:46,859 [WARN] PackLoader:240 - Cannot read IP mode file for ITTIA_DB.I-CUBE-ITTIADB.8.8.0
2023-10-17 14:28:46,868 [WARN] PackLoader:240 - Cannot read IP mode file for emotas.I-CUBE-CANOPEN.1.1.3
2023-10-17 14:28:46,879 [WARN] PackLoader:240 - Cannot read IP mode file for STMicroelectronics.X-CUBE-BLEMGR.2.0.0
2023-10-17 14:28:46,915 [WARN] ConditionMgr:438 - getConditionDescription Invalid condition id : UX DEVICE CLASS RTOS Condition cause : null
2023-10-17 14:28:46,916 [WARN] ConditionMgr:438 - getConditionDescription Invalid condition id : UX DEVICE CLASS RTOS Condition cause : null
2023-10-17 14:28:46,919 [WARN] PackLoader:240 - Cannot read IP mode file for STMicroelectronics.X-CUBE-AZRTOS-H7.3.1.0
2023-10-17 14:28:46,920 [WARN] ConditionMgr:1039 - genDependencies : Invalid condition id : UX DEVICE CLASS RTOS Condition cause : null
2023-10-17 14:28:46,921 [WARN] ConditionMgr:1039 - genDependencies : Invalid condition id : UX DEVICE CLASS RTOS Condition cause : null
2023-10-17 14:28:46,922 [WARN] ConditionMgr:1039 - genDependencies : Invalid condition id : UX DEVICE CLASS RTOS Condition cause : null
2023-10-17 14:28:46,922 [WARN] ConditionMgr:1039 - genDependencies : Invalid condition id : UX DEVICE CLASS RTOS Condition cause : null
2023-10-17 14:28:46,923 [WARN] ConditionMgr:1039 - genDependencies : Invalid condition id : UX DEVICE CLASS RTOS Condition cause : null
2023-10-17 14:28:46,935 [WARN] PackLoader:240 - Cannot read IP mode file for STMicroelectronics.X-CUBE-NFC7.1.0.1
2023-10-17 14:28:46,956 [WARN] PackLoader:240 - Cannot read IP mode file for STMicroelectronics.X-CUBE-NFC7.1.0.0
2023-10-17 14:28:46,972 [WARN] PackLoader:240 - Cannot read IP mode file for STMicroelectronics.X-CUBE-NFC6.3.0.0
2023-10-17 14:28:46,989 [WARN] PackLoader:240 - Cannot read IP mode file for STMicroelectronics.X-CUBE-EEPRMA1.4.1.0
2023-10-17 14:28:47,007 [WARN] PackLoader:240 - Cannot read IP mode file for STMicroelectronics.X-CUBE-AI.8.1.0
2023-10-17 14:28:47,045 [WARN] ConditionMgr:438 - getConditionDescription Invalid condition id : LAN8742 Phy interface Condition cause : null
2023-10-17 14:28:47,047 [WARN] PackLoader:240 - Cannot read IP mode file for STMicroelectronics.X-CUBE-AZRTOS-L4.2.0.0
2023-10-17 14:28:47,050 [WARN] ConditionMgr:1039 - genDependencies : Invalid condition id : LAN8742 Phy interface Condition cause : null
2023-10-17 14:28:47,051 [WARN] ConditionMgr:1039 - genDependencies : Invalid condition id : LAN8742 Phy interface Condition cause : null
2023-10-17 14:28:47,053 [WARN] ConditionMgr:1039 - genDependencies : Invalid condition id : LAN8742 Phy interface Condition cause : null
2023-10-17 14:28:47,106 [WARN] PackLoader:240 - Cannot read IP mode file for STMicroelectronics.X-CUBE-SFXS2LP1.4.0.0
2023-10-17 14:28:47,125 [WARN] PackLoader:240 - Cannot read IP mode file for STMicroelectronics.X-CUBE-ISPU.1.1.0
2023-10-17 14:28:47,159 [WARN] ConditionMgr:438 - getConditionDescription Invalid condition id : UX DEVICE CLASS RTOS Condition cause : null
2023-10-17 14:28:47,159 [WARN] ConditionMgr:438 - getConditionDescription Invalid condition id : UX DEVICE CLASS RTOS Condition cause : null
2023-10-17 14:28:47,166 [WARN] PackLoader:240 - Cannot read IP mode file for STMicroelectronics.X-CUBE-AZRTOS-WB.2.0.0
2023-10-17 14:28:47,167 [WARN] ConditionMgr:1039 - genDependencies : Invalid condition id : UX DEVICE CLASS RTOS Condition cause : null
2023-10-17 14:28:47,169 [WARN] ConditionMgr:1039 - genDependencies : Invalid condition id : UX DEVICE CLASS RTOS Condition cause : null
2023-10-17 14:28:47,169 [WARN] ConditionMgr:1039 - genDependencies : Invalid condition id : UX DEVICE CLASS RTOS Condition cause : null
2023-10-17 14:28:47,170 [WARN] ConditionMgr:1039 - genDependencies : Invalid condition id : UX DEVICE CLASS RTOS Condition cause : null
2023-10-17 14:28:47,170 [WARN] ConditionMgr:1039 - genDependencies : Invalid condition id : UX DEVICE CLASS RTOS Condition cause : null
2023-10-17 14:28:47,193 [WARN] PackLoader:240 - Cannot read IP mode file for STMicroelectronics.X-CUBE-FREERTOS.1.0.1
2023-10-17 14:28:47,254 [WARN] PackLoader:240 - Cannot read IP mode file for STMicroelectronics.X-CUBE-AZRTOS-L5.1.1.0
2023-10-17 14:28:47,275 [WARN] PackLoader:240 - Cannot read IP mode file for STMicroelectronics.X-CUBE-AI.8.0.1
2023-10-17 14:28:47,301 [WARN] PackLoader:240 - Cannot read IP mode file for STMicroelectronics.X-CUBE-SUBG2.5.0.0
2023-10-17 14:28:47,324 [WARN] PackLoader:240 - Cannot read IP mode file for STMicroelectronics.X-CUBE-TOF1.3.3.1
2023-10-17 14:28:47,349 [WARN] PackLoader:240 - Cannot read IP mode file for STMicroelectronics.X-CUBE-AZRTOS-G4.2.0.0
2023-10-17 14:28:47,363 [WARN] PackLoader:240 - Cannot read IP mode file for STMicroelectronics.X-CUBE-TOF1.3.3.0
2023-10-17 14:28:47,383 [WARN] PackLoader:240 - Cannot read IP mode file for Infineon.AIROC-Wi-Fi-Bluetooth-STM32.1.5.1
2023-10-17 14:28:47,396 [WARN] PackLoader:240 - Cannot read IP mode file for STMicroelectronics.X-CUBE-FREERTOS.1.1.0
2023-10-17 14:28:47,415 [WARN] PackLoader:240 - Cannot read IP mode file for STMicroelectronics.X-CUBE-AZRTOS-WL.1.0.0
2023-10-17 14:28:47,426 [WARN] PackLoader:240 - Cannot read IP mode file for portGmbH.I-Cube-SoM-uGOAL.1.1.0
2023-10-17 14:28:47,446 [WARN] PackLoader:240 - Cannot read IP mode file for STMicroelectronics.X-CUBE-ALS.1.0.1
2023-10-17 14:28:47,467 [WARN] PackLoader:240 - Cannot read IP mode file for STMicroelectronics.X-CUBE-AZRTOS-WB.1.1.0
2023-10-17 14:28:47,480 [WARN] PackLoader:240 - Cannot read IP mode file for STMicroelectronics.FP-ATR-ASTRA1.2.0.0
2023-10-17 14:28:47,481 [INFO] ThirdParty:978 - Integrity check success = true
2023-10-17 14:28:47,481 [INFO] IntegrityCheckThread:100 - exiting critical section [integrity check]
2023-10-17 14:28:47,481 [INFO] IntegrityCheckThread:103 - End integrity checks thread
2023-10-17 14:28:47,481 [INFO] ThirdParty:873 - entering critical section [close project]
2023-10-17 14:28:47,484 [INFO] ThirdParty:883 - exiting critical section [close project]
2023-10-17 14:28:47,494 [INFO] PinOutPanel:1499 - setPackage(No Configuration,No Configuration)
2023-10-17 14:28:47,504 [INFO] UtilMem:75 - Begin LoadConfig() Used Memory: 499000928 Bytes (519045120)
2023-10-17 14:28:47,506 [INFO] MicroXplorer:468 - Change Database Path : 
2023-10-17 14:28:47,506 [INFO] MicroXplorer:498 - Change Database Version : DB.6.0.81
2023-10-17 14:28:47,506 [INFO] OpenFileManager:308 - Change cursor
2023-10-17 14:28:47,603 [INFO] Mcu:1937 - Initializing MCU STM32F103C(8-B)Tx STM32F103C8Tx STM32F103C8T6
2023-10-17 14:28:48,591 [INFO] Context:659 - Trying to add GPIOservice into a context  which must be forbidden
2023-10-17 14:28:49,124 [INFO] RtosManager:555 - Registered RTOS mode: class=CMSIS, group=RTOS, mode=CMSIS_V1, owner=FREERTOS
2023-10-17 14:28:49,124 [INFO] RtosManager:555 - Registered RTOS mode: class=CMSIS, group=RTOS2, mode=CMSIS_V2, owner=FREERTOS
2023-10-17 14:28:49,125 [INFO] RtosManager:555 - Registered RTOS mode: class=RTOS, group=Core, mode=CMSIS_V1, owner=FREERTOS
2023-10-17 14:28:49,125 [INFO] RtosManager:555 - Registered RTOS mode: class=RTOS, group=Core, mode=CMSIS_V2, owner=FREERTOS
2023-10-17 14:28:49,127 [WARN] ModelIntegratedComponent:184 - Missing modes for component STMicroelectronics:FreeRTOS:0.0.1:STMicroelectronics:RTOS:FreeRTOS:Core:::10.2.0:
2023-10-17 14:28:49,156 [WARN] ModelIntegratedComponent:63 - No mode defined for component null
2023-10-17 14:28:49,156 [WARN] ModelIntegratedComponent:63 - No mode defined for component null
2023-10-17 14:28:49,156 [WARN] ModelIntegratedComponent:63 - No mode defined for component null
2023-10-17 14:28:49,156 [WARN] ModelIntegratedComponent:63 - No mode defined for component null
2023-10-17 14:28:49,156 [WARN] ModelIntegratedComponent:63 - No mode defined for component null
2023-10-17 14:28:49,157 [WARN] ModelIntegratedComponent:63 - No mode defined for component null
2023-10-17 14:28:49,157 [WARN] ModelIntegratedComponent:63 - No mode defined for component null
2023-10-17 14:28:49,157 [WARN] ModelIntegratedComponent:63 - No mode defined for component null
2023-10-17 14:28:49,158 [WARN] ModelIntegratedComponent:63 - No mode defined for component null
2023-10-17 14:28:49,158 [WARN] ModelIntegratedComponent:63 - No mode defined for component null
2023-10-17 14:28:49,158 [WARN] ModelIntegratedComponent:63 - No mode defined for component null
2023-10-17 14:28:49,158 [WARN] ModelIntegratedComponent:63 - No mode defined for component null
2023-10-17 14:28:49,159 [WARN] ModelIntegratedComponent:63 - No mode defined for component null
2023-10-17 14:28:49,159 [WARN] ModelIntegratedComponent:63 - No mode defined for component null
2023-10-17 14:28:49,159 [WARN] ModelIntegratedComponent:63 - No mode defined for component null
2023-10-17 14:28:49,159 [WARN] ModelIntegratedComponent:63 - No mode defined for component null
2023-10-17 14:28:49,159 [WARN] ModelIntegratedComponent:63 - No mode defined for component null
2023-10-17 14:28:49,160 [WARN] ModelIntegratedComponent:63 - No mode defined for component null
2023-10-17 14:28:49,160 [WARN] ModelIntegratedComponent:63 - No mode defined for component null
2023-10-17 14:28:49,160 [WARN] ModelIntegratedComponent:63 - No mode defined for component null
2023-10-17 14:28:49,160 [WARN] ModelIntegratedComponent:63 - No mode defined for component null
2023-10-17 14:28:49,161 [WARN] ModelIntegratedComponent:63 - No mode defined for component null
2023-10-17 14:28:49,161 [WARN] ModelIntegratedComponent:63 - No mode defined for component null
2023-10-17 14:28:49,161 [WARN] ModelIntegratedComponent:63 - No mode defined for component null
2023-10-17 14:28:49,161 [WARN] ModelIntegratedComponent:63 - No mode defined for component null
2023-10-17 14:28:49,161 [WARN] ModelIntegratedComponent:63 - No mode defined for component null
2023-10-17 14:28:49,161 [WARN] ModelIntegratedComponent:63 - No mode defined for component null
2023-10-17 14:28:49,162 [WARN] ModelIntegratedComponent:63 - No mode defined for component null
2023-10-17 14:28:49,162 [WARN] ModelIntegratedComponent:63 - No mode defined for component null
2023-10-17 14:28:49,162 [WARN] ModelIntegratedComponent:63 - No mode defined for component null
2023-10-17 14:28:49,162 [WARN] ModelIntegratedComponent:63 - No mode defined for component null
2023-10-17 14:28:49,162 [WARN] ModelIntegratedComponent:63 - No mode defined for component null
2023-10-17 14:28:49,163 [WARN] ModelIntegratedComponent:63 - No mode defined for component null
2023-10-17 14:28:49,188 [INFO] ThirdPartyModel:298 - Start build external matchings
2023-10-17 14:28:49,478 [INFO] ThirdPartyModel:316 - End build external matchings
2023-10-17 14:28:49,515 [INFO] ImportTextPane:194 - (OptionalMessage_ERROR) IP (DMA) : Parameter (Instance) has Id (TIM2_CH2/CH4) currently not set
2023-10-17 14:28:49,516 [INFO] ImportTextPane:194 - (OptionalMessage_ERROR) IP (DMA) : Parameter (Direction) has Id (TIM2_CH2/CH4) currently not set
2023-10-17 14:28:49,516 [INFO] ImportTextPane:194 - (OptionalMessage_ERROR) IP (DMA) : Parameter (PeriphInc) has Id (TIM2_CH2/CH4) currently not set
2023-10-17 14:28:49,516 [INFO] ImportTextPane:194 - (OptionalMessage_ERROR) IP (DMA) : Parameter (MemInc) has Id (TIM2_CH2/CH4) currently not set
2023-10-17 14:28:49,517 [INFO] ImportTextPane:194 - (OptionalMessage_ERROR) IP (DMA) : Parameter (PeriphDataAlignment) has Id (TIM2_CH2/CH4) currently not set
2023-10-17 14:28:49,517 [INFO] ImportTextPane:194 - (OptionalMessage_ERROR) IP (DMA) : Parameter (MemDataAlignment) has Id (TIM2_CH2/CH4) currently not set
2023-10-17 14:28:49,517 [INFO] ImportTextPane:194 - (OptionalMessage_ERROR) IP (DMA) : Parameter (Mode) has Id (TIM2_CH2/CH4) currently not set
2023-10-17 14:28:49,517 [INFO] ImportTextPane:194 - (OptionalMessage_ERROR) IP (DMA) : Parameter (Priority) has Id (TIM2_CH2/CH4) currently not set
2023-10-17 14:28:49,742 [INFO] UtilMem:75 - End LoadConfig() Used Memory: 493206424 Bytes (522190848)
2023-10-17 14:28:50,158 [INFO] ApiDb:581 - Connected to CubeFinder SQLite database (C:\Users\kking\.stmcufinder\plugins\mcufinder\mcu\cube-finder-db.db)
2023-10-17 14:28:50,213 [INFO] ApiDb:668 - CubeFinder database Data Model version=2.1
2023-10-17 14:28:50,214 [INFO] ApiDb:669 - CubeFinder database Configuration version=3.0.37
2023-10-17 14:28:50,214 [INFO] ApiDb:670 - CubeFinder database generation date=2023-08-09 (1691586011)
2023-10-17 14:28:50,214 [INFO] ApiDb:671 - CubeFinder database FW Pack versions=[FP-ATR-ASTRA1_V2.0.0, FP-SNS-FLIGHT1_V5.0.1, FP-SNS-FLIGHT1_V5.0.2, FP-SNS-MOTENV1_V4.3.1, FP-SNS-MOTENV1_V4.3.2, STM32Cube_FW_C0_V1.1.0, STM32Cube_FW_F4_V1.27.1, STM32Cube_FW_F7_V1.17.0, STM32Cube_FW_G0_V1.6.1, STM32Cube_FW_G4_V1.5.1, STM32Cube_FW_H5_V0.5.1, STM32Cube_FW_H5_V1.1.0, STM32Cube_FW_H7_V1.11.0, STM32Cube_FW_L0_V1.12.2, STM32Cube_FW_L5_V1.5.0, STM32Cube_FW_U5_V1.3.0, STM32Cube_FW_U5_V1.3.0RC4, STM32Cube_FW_WBA_V1.0.0RC1, STM32Cube_FW_WBA_V1.1.0, STM32Cube_FW_WBA_V1.1.0RC1, STM32Cube_FW_WB_V1.15.0RC1, STM32Cube_FW_WB_V1.16.0, STM32Cube_FW_WB_V1.16.0RC2, STM32Cube_FW_WB_V1.17.0, STM32Cube_FW_WL_V1.3.0, X-CUBE-ALGOBUILD_V1.3.0, X-CUBE-ALS_V1.0.1, X-CUBE-AZRTOS-F4_V1.1.0, X-CUBE-AZRTOS-F7_V1.1.0, X-CUBE-AZRTOS-G0_V1.1.0, X-CUBE-AZRTOS-G4_V2.0.0, X-CUBE-AZRTOS-H7_V3.1.0, X-CUBE-AZRTOS-L4_V1.0.0, X-CUBE-AZRTOS-L4_V2.0.0, X-CUBE-AZRTOS-L5_V1.1.0, X-CUBE-AZRTOS-WB_V1.1.0, X-CUBE-AZRTOS-WL_V2.0.0, X-CUBE-BLE1_V7.0.0, X-CUBE-BLE2_V3.3.0, X-CUBE-BLEMGR_V2.0.0, X-CUBE-EEPRMA1_V4.1.0, X-CUBE-FREERTOS_V1.1.0, X-CUBE-GNSS1_V6.0.0, X-CUBE-MEMS1_V9.1.0, X-CUBE-MEMS1_V9.4.0, X-CUBE-MEMS1_V9.6.0, X-CUBE-NFC4_V3.0.0, X-CUBE-NFC7_V1.0.0, X-CUBE-SFXS2LP1_V4.0.0, X-CUBE-SUBG2_V5.0.0, X-CUBE-TOF1_V3.3.1]
2023-10-17 14:28:51,692 [INFO] ApiDb:240 - Found 297 in-development CPN: [B-G473E-ZEST1S, B-WB1M-WPAN1, B-WL5M-SUBG1, NUCLEO-C031C6, NUCLEO-H503RB, NUCLEO-H563ZI, NUCLEO-U545RE-Q, NUCLEO-U5A5ZJ-Q, NUCLEO-WBA52CG, STEVAL-PROTEUS1, STEVAL-STWINBX1, STM320518-EVAL, STM32C0116-DK, STM32C011D6Y3TR, STM32C011D6Y6TR, STM32C011F4P3, STM32C011F4P6, STM32C011F4U3, STM32C011F4U6TR, STM32C011F6P3, STM32C011F6P6, STM32C011F6U3, STM32C011F6U6TR, STM32C011J4M3, STM32C011J4M6, STM32C011J6M3, STM32C011J6M6, STM32C0316-DK, STM32C031C4T3, STM32C031C4T6, STM32C031C4U3, STM32C031C4U6, STM32C031C6T3, STM32C031C6T6, STM32C031C6U3, STM32C031C6U6, STM32C031F4P3, STM32C031F4P6, STM32C031F6P3, STM32C031F6P6, STM32C031G4U3, STM32C031G4U6, STM32C031G6U3, STM32C031G6U6, STM32C031K4T3, STM32C031K4T6, STM32C031K4U3, STM32C031K4U6, STM32C031K6T3, STM32C031K6T6, STM32C031K6U3, STM32C031K6U6, STM32G071K8TXN, STM32G071K8UXN, STM32G081GBU6N, STM32G081KBT6N, STM32G081KBUXN, STM32G0B1CCT6N, STM32G0B1KCT6, STM32G0B1NEY6TR, STM32G0B1RCT6N, STM32G0C1CCT6, STM32G0C1CCT6N, STM32G0C1CCU6N, STM32G0C1CET6N, STM32G0C1CEU6N, STM32G0C1KCT6, STM32G0C1NEY6TR, STM32G0C1RCI6N, STM32G0C1RCT6N, STM32G0C1REI6N, STM32G0C1RET6N, STM32G0C1VCI6, STM32G0C1VEI6, STM32G471CCT6, STM32G471CCU6, STM32G471CET3, STM32G471CET6, STM32G471CEU3, STM32G471CEU6, STM32G471MCT6, STM32G471MET3, STM32G471MET6, STM32G471MEY6TR, STM32G471QCT6, STM32G471QET3, STM32G471RCT6, STM32G471RET3, STM32G471RET6, STM32G471VCH6, STM32G471VCI6, STM32G471VCT6, STM32G471VEH3, STM32G471VEH6, STM32G471VEI3, STM32G471VEI6, STM32G471VET3, STM32G471VET6, STM32G474CCT6, STM32H503CBT6, STM32H503CBU6, STM32H503EBY6TR, STM32H503KBU6, STM32H503RBT6, STM32H562AGI6, STM32H562AII6, STM32H562IGK6, STM32H562IGT6, STM32H562IIK6, STM32H562IIT6, STM32H562RGT6, STM32H562RGV6, STM32H562RIT6, STM32H562RIV6, STM32H562VGT6, STM32H562VIT6, STM32H562ZGT6, STM32H562ZIT6, STM32H563AGI6, STM32H563AII3Q, STM32H563AII6, STM32H563IGK6, STM32H563IGT6, STM32H563IIK3Q, STM32H563IIK6, STM32H563IIT3Q, STM32H563IIT6, STM32H563MIY3QTR, STM32H563RGT6, STM32H563RGV6, STM32H563RIT6, STM32H563RIV6, STM32H563VGT6, STM32H563VIT3Q, STM32H563VIT6, STM32H563ZGT6, STM32H563ZIT3Q, STM32H563ZIT6, STM32H573AII3Q, STM32H573AII6, STM32H573I-DK, STM32H573IIK3Q, STM32H573IIK6, STM32H573IIT3Q, STM32H573IIT6, STM32H573MIY3QTR, STM32H573RIT6, STM32H573RIV6, STM32H573VIT3Q, STM32H573VIT6, STM32H573ZIT3Q, STM32H573ZIT6, STM32L4R5QGI6STR, STM32MP131AAE3, STM32MP131AAF3, STM32MP131AAG3, STM32MP131CAE3, STM32MP131CAF3, STM32MP131CAG3, STM32MP131DAE7, STM32MP131DAF7, STM32MP131DAG7, STM32MP131FAE7, STM32MP131FAF7, STM32MP131FAG7, STM32MP133AAE3, STM32MP133AAF3, STM32MP133AAG3, STM32MP133CAE3, STM32MP133CAF3, STM32MP133CAG3, STM32MP133DAE7, STM32MP133DAF7, STM32MP133DAG7, STM32MP133FAE7, STM32MP133FAF7, STM32MP133FAG7, STM32MP135AAE3, STM32MP135AAF3, STM32MP135AAG3, STM32MP135CAE3, STM32MP135CAF3, STM32MP135CAG3, STM32MP135DAE7, STM32MP135DAF7, STM32MP135DAG7, STM32MP135F-DK, STM32MP135FAE7, STM32MP135FAF7, STM32MP135FAF7T, STM32MP135FAF7U, STM32MP135FAG7, STM32U535CBT6, STM32U535CBT6Q, STM32U535CBU6, STM32U535CBU6Q, STM32U535CCT6, STM32U535CCT6Q, STM32U535CCU6, STM32U535CCU6Q, STM32U535CET6, STM32U535CET6Q, STM32U535CEU6, STM32U535CEU6Q, STM32U535JEY6QTR, STM32U535NCY6QTR, STM32U535NEY6QTR, STM32U535RBI6, STM32U535RBI6Q, STM32U535RBT6, STM32U535RBT6Q, STM32U535RCI6, STM32U535RCI6Q, STM32U535RCT6, STM32U535RCT6Q, STM32U535REI6, STM32U535REI6Q, STM32U535RET6, STM32U535RET6Q, STM32U535VCI6, STM32U535VCI6Q, STM32U535VCT6, STM32U535VCT6Q, STM32U535VEI6, STM32U535VEI6Q, STM32U535VET6, STM32U535VET6Q, STM32U545CET6, STM32U545CET6Q, STM32U545CEU6, STM32U545CEU6Q, STM32U545JEY6QTR, STM32U545NEY6QTR, STM32U545REI6, STM32U545REI6Q, STM32U545RET6, STM32U545RET6Q, STM32U545VEI6, STM32U545VEI6Q, STM32U545VET6, STM32U545VET6Q, STM32U595AIH6, STM32U595AIH6Q, STM32U595AJH6, STM32U595AJH6Q, STM32U595QII6, STM32U595QII6Q, STM32U595QJI6, STM32U595QJI6Q, STM32U595RIT6, STM32U595RIT6Q, STM32U595RJT6, STM32U595RJT6Q, STM32U595VIT6, STM32U595VIT6Q, STM32U595VJT6, STM32U595VJT6Q, STM32U595ZIT6, STM32U595ZIT6Q, STM32U595ZIY6QTR, STM32U595ZJT6, STM32U595ZJT6Q, STM32U595ZJY6QTR, STM32U599BJY6QTR, STM32U599NIH6Q, STM32U599NJH6Q, STM32U599VIT6Q, STM32U599VJT6, STM32U599VJT6Q, STM32U599ZIT6Q, STM32U599ZIY6QTR, STM32U599ZJT6Q, STM32U599ZJY6QTR, STM32U5A5AJH6, STM32U5A5AJH6Q, STM32U5A5QJI6, STM32U5A5QJI6Q, STM32U5A5RJT6, STM32U5A5RJT6Q, STM32U5A5VJT6, STM32U5A5VJT6Q, STM32U5A5ZJT6, STM32U5A5ZJT6Q, STM32U5A5ZJY6QTR, STM32U5A9BJY6QTR, STM32U5A9J-DK, STM32U5A9NJH6Q, STM32U5A9VJT6Q, STM32U5A9ZJT6Q, STM32U5A9ZJY6QTR, STM32WB1MMCH6, STM32WBA52CEU6, STM32WBA52CEU6T, STM32WBA52CGU6, STM32WBA52CGU6T, STM32WL5MOCH6, STM32WL5MOCH6TR]
2023-10-17 14:28:51,695 [INFO] DbMcus:216 - Found 3825 MCUs, 3825 are supported
2023-10-17 14:28:51,697 [INFO] ApiDb:423 - Load user favorites file C:\Users\kking/.stm32cubeide/favorites.mcus.txt: 0 item(s)
2023-10-17 14:28:51,697 [INFO] ApiDb:427 - User favorites MCUs=[]
2023-10-17 14:28:51,697 [INFO] DbMcus:222 - Set 0 / 0 favorites MCUs
2023-10-17 14:28:51,974 [WARN] ThirdParty:833 - waiting for thirdparty lock release [change project]
2023-10-17 14:28:51,974 [INFO] ThirdParty:835 - entering critical section [change project]
2023-10-17 14:28:51,974 [INFO] ThirdParty:1030 - CMSIS Pack Vendor :STMicroelectronics X-CUBE-ISPU 1.1.0
2023-10-17 14:28:51,974 [INFO] ThirdParty:1030 - CMSIS Pack Vendor :STMicroelectronics X-CUBE-GNSS1 6.0.0
2023-10-17 14:28:51,974 [INFO] ThirdParty:1030 - CMSIS Pack Vendor :STMicroelectronics USB_HOST 2.0.0
2023-10-17 14:28:51,974 [INFO] ThirdParty:1030 - CMSIS Pack Vendor :STMicroelectronics X-CUBE-AZRTOS-F4 1.1.0
2023-10-17 14:28:51,974 [INFO] ThirdParty:1030 - CMSIS Pack Vendor :STMicroelectronics LIBJPEG 8.0.0
2023-10-17 14:28:51,974 [INFO] ThirdParty:1030 - CMSIS Pack Vendor :STMicroelectronics X-CUBE-SMBUS 2.1.0
2023-10-17 14:28:51,974 [INFO] ThirdParty:1030 - CMSIS Pack Vendor :wolfSSL I-CUBE-wolfSSL 5.6.0
2023-10-17 14:28:51,974 [INFO] ThirdParty:1030 - CMSIS Pack Vendor :STMicroelectronics USB_DEVICE 3.0.0
2023-10-17 14:28:51,974 [INFO] ThirdParty:1030 - CMSIS Pack Vendor :STMicroelectronics X-CUBE-AZRTOS-WB 2.0.0
2023-10-17 14:28:51,974 [INFO] ThirdParty:1030 - CMSIS Pack Vendor :STMicroelectronics X-CUBE-FREERTOS 1.0.1
2023-10-17 14:28:51,974 [INFO] ThirdParty:1030 - CMSIS Pack Vendor :STMicroelectronics X-CUBE-AZRTOS-F7 1.1.0
2023-10-17 14:28:51,974 [INFO] ThirdParty:1030 - CMSIS Pack Vendor :STMicroelectronics X-CUBE-TOUCHGFX 4.21.4
2023-10-17 14:28:51,974 [INFO] ThirdParty:1030 - CMSIS Pack Vendor :STMicroelectronics X-CUBE-AZRTOS-L5 2.0.0
2023-10-17 14:28:51,974 [INFO] ThirdParty:1030 - CMSIS Pack Vendor :STMicroelectronics USB_DEVICE 2.0.0
2023-10-17 14:28:51,974 [INFO] ThirdParty:1030 - CMSIS Pack Vendor :STMicroelectronics X-CUBE-MEMS1 9.6.0
2023-10-17 14:28:51,974 [INFO] ThirdParty:1030 - CMSIS Pack Vendor :ITTIA_DB I-CUBE-ITTIADB 8.8.0
2023-10-17 14:28:51,974 [INFO] ThirdParty:1030 - CMSIS Pack Vendor :STMicroelectronics FP-SNS-MOTENV1 4.3.2
2023-10-17 14:28:51,974 [INFO] ThirdParty:1030 - CMSIS Pack Vendor :STMicroelectronics FP-SNS-MOTENV1 4.3.1
2023-10-17 14:28:51,974 [INFO] ThirdParty:1030 - CMSIS Pack Vendor :STMicroelectronics FP-SNS-FLIGHT1 5.0.1
2023-10-17 14:28:51,974 [INFO] ThirdParty:1030 - CMSIS Pack Vendor :STMicroelectronics X-CUBE-ALGOBUILD 1.3.0
2023-10-17 14:28:51,974 [INFO] ThirdParty:1030 - CMSIS Pack Vendor :STMicroelectronics X-CUBE-BLE1 6.2.4
2023-10-17 14:28:51,974 [INFO] ThirdParty:1030 - CMSIS Pack Vendor :STMicroelectronics X-CUBE-AZRTOS-L5 1.1.0
2023-10-17 14:28:51,974 [INFO] ThirdParty:1030 - CMSIS Pack Vendor :STMicroelectronics FreeRTOS 0.0.1
2023-10-17 14:28:51,974 [INFO] ThirdParty:1030 - CMSIS Pack Vendor :STMicroelectronics X-CUBE-AZRTOS-G0 1.1.0
2023-10-17 14:28:51,974 [INFO] ThirdParty:1030 - CMSIS Pack Vendor :emotas I-CUBE-CANOPEN 1.1.3
2023-10-17 14:28:51,974 [INFO] ThirdParty:1030 - CMSIS Pack Vendor :STMicroelectronics X-CUBE-BLEMGR 2.0.0
2023-10-17 14:28:51,976 [INFO] ThirdParty:1030 - CMSIS Pack Vendor :STMicroelectronics X-CUBE-AI 8.0.1
2023-10-17 14:28:51,976 [INFO] ThirdParty:1030 - CMSIS Pack Vendor :STMicroelectronics X-CUBE-NFC4 3.0.0
2023-10-17 14:28:51,976 [INFO] ThirdParty:1030 - CMSIS Pack Vendor :STMicroelectronics X-CUBE-SUBG2 5.0.0
2023-10-17 14:28:51,976 [INFO] ThirdParty:1030 - CMSIS Pack Vendor :STMicroelectronics STM32_WPAN 1.0.0
2023-10-17 14:28:51,976 [INFO] ThirdParty:1030 - CMSIS Pack Vendor :STMicroelectronics lwIP 2.0.3
2023-10-17 14:28:51,976 [INFO] ThirdParty:1030 - CMSIS Pack Vendor :STMicroelectronics FP-SNS-FLIGHT1 5.0.2
2023-10-17 14:28:51,976 [INFO] ThirdParty:1030 - CMSIS Pack Vendor :STMicroelectronics USB_HOST 1.0.0
2023-10-17 14:28:51,976 [INFO] ThirdParty:1030 - CMSIS Pack Vendor :STMicroelectronics X-CUBE-TOF1 3.3.1
2023-10-17 14:28:51,976 [INFO] ThirdParty:1030 - CMSIS Pack Vendor :STMicroelectronics X-CUBE-AZRTOS-G4 2.0.0
2023-10-17 14:28:51,976 [INFO] ThirdParty:1030 - CMSIS Pack Vendor :STMicroelectronics PDM2PCM 3.1.0
2023-10-17 14:28:51,976 [INFO] ThirdParty:1030 - CMSIS Pack Vendor :STMicroelectronics X-CUBE-AZRTOS-H7 3.1.0
2023-10-17 14:28:51,976 [INFO] ThirdParty:1030 - CMSIS Pack Vendor :STMicroelectronics X-CUBE-TOF1 3.3.0
2023-10-17 14:28:51,976 [INFO] ThirdParty:1030 - CMSIS Pack Vendor :Infineon AIROC-Wi-Fi-Bluetooth-STM32 1.5.1
2023-10-17 14:28:51,976 [INFO] ThirdParty:1030 - CMSIS Pack Vendor :STMicroelectronics PDM2PCM 3.3.0
2023-10-17 14:28:51,976 [INFO] ThirdParty:1030 - CMSIS Pack Vendor :STMicroelectronics X-CUBE-DISPLAY 3.0.0
2023-10-17 14:28:51,976 [INFO] ThirdParty:1030 - CMSIS Pack Vendor :STMicroelectronics X-CUBE-BLE1 7.0.0
2023-10-17 14:28:51,976 [INFO] ThirdParty:1030 - CMSIS Pack Vendor :STMicroelectronics FP-ATR-SIGFOX1 3.2.0
2023-10-17 14:28:51,976 [INFO] ThirdParty:1030 - CMSIS Pack Vendor :STMicroelectronics HAL Drivers 0.0.0
2023-10-17 14:28:51,976 [INFO] ThirdParty:1030 - CMSIS Pack Vendor :STMicroelectronics MBEDTLS 2.16.2
2023-10-17 14:28:51,977 [INFO] ThirdParty:1030 - CMSIS Pack Vendor :STMicroelectronics X-CUBE-FREERTOS 1.1.0
2023-10-17 14:28:51,977 [INFO] ThirdParty:1030 - CMSIS Pack Vendor :STMicroelectronics X-CUBE-TOUCHGFX 4.22.0
2023-10-17 14:28:51,977 [INFO] ThirdParty:1030 - CMSIS Pack Vendor :STMicroelectronics X-CUBE-NFC7 1.0.1
2023-10-17 14:28:51,977 [INFO] ThirdParty:1030 - CMSIS Pack Vendor :STMicroelectronics MBEDTLS 2.14.1
2023-10-17 14:28:51,977 [INFO] ThirdParty:1030 - CMSIS Pack Vendor :STMicroelectronics X-CUBE-NFC7 1.0.0
2023-10-17 14:28:51,977 [INFO] ThirdParty:1030 - CMSIS Pack Vendor :STMicroelectronics X-CUBE-TOUCHGFX 4.22.1
2023-10-17 14:28:51,977 [INFO] ThirdParty:1030 - CMSIS Pack Vendor :STMicroelectronics X-CUBE-AZRTOS-WL 1.0.0
2023-10-17 14:28:51,977 [INFO] ThirdParty:1030 - CMSIS Pack Vendor :STMicroelectronics X-CUBE-NFC6 3.0.0
2023-10-17 14:28:51,977 [INFO] ThirdParty:1030 - CMSIS Pack Vendor :STMicroelectronics X-CUBE-EEPRMA1 4.1.0
2023-10-17 14:28:51,978 [INFO] ThirdParty:1030 - CMSIS Pack Vendor :portGmbH I-Cube-SoM-uGOAL 1.1.0
2023-10-17 14:28:51,978 [INFO] ThirdParty:1030 - CMSIS Pack Vendor :STMicroelectronics X-CUBE-ALS 1.0.1
2023-10-17 14:28:51,978 [INFO] ThirdParty:1030 - CMSIS Pack Vendor :STMicroelectronics ThreadX 1.0.0
2023-10-17 14:28:51,978 [INFO] ThirdParty:1030 - CMSIS Pack Vendor :STMicroelectronics FP-SNS-SMARTAG2 1.2.0
2023-10-17 14:28:51,978 [INFO] ThirdParty:1030 - CMSIS Pack Vendor :STMicroelectronics X-CUBE-AZRTOS-WB 1.1.0
2023-10-17 14:28:51,978 [INFO] ThirdParty:1030 - CMSIS Pack Vendor :SEGGER I-CUBE-embOS 1.3.1
2023-10-17 14:28:51,978 [INFO] ThirdParty:1030 - CMSIS Pack Vendor :STMicroelectronics USB_DEVICE 1.0.0
2023-10-17 14:28:51,978 [INFO] ThirdParty:1030 - CMSIS Pack Vendor :STMicroelectronics X-CUBE-AI 8.1.0
2023-10-17 14:28:51,978 [INFO] ThirdParty:1030 - CMSIS Pack Vendor :STMicroelectronics X-CUBE-AZRTOS-L4 2.0.0
2023-10-17 14:28:51,978 [INFO] ThirdParty:1030 - CMSIS Pack Vendor :STMicroelectronics ThreadX 0.0.2
2023-10-17 14:28:51,978 [INFO] ThirdParty:1030 - CMSIS Pack Vendor :WES I-CUBE-Cesium 1.3.0
2023-10-17 14:28:51,978 [INFO] ThirdParty:1030 - CMSIS Pack Vendor :STMicroelectronics FP-ATR-ASTRA1 2.0.0
2023-10-17 14:28:51,978 [INFO] ThirdParty:1030 - CMSIS Pack Vendor :STMicroelectronics lwIP 2.1.2
2023-10-17 14:28:51,978 [INFO] ThirdParty:1030 - CMSIS Pack Vendor :STMicroelectronics X-CUBE-SFXS2LP1 4.0.0
2023-10-17 14:28:51,979 [INFO] ThirdParty:1030 - CMSIS Pack Vendor :STMicroelectronics X-CUBE-BLE2 3.3.0
2023-10-17 14:28:51,979 [INFO] ThirdParty:1030 - CMSIS Pack Vendor :STMicroelectronics PDM2PCM 3.2.0
2023-10-17 14:28:51,980 [INFO] ThirdParty:841 - exiting critical section [change project]
2023-10-17 14:28:52,323 [INFO] PinOutPanel:1499 - setPackage(No Configuration,No Configuration)
2023-10-17 14:28:52,325 [INFO] PinOutPanel:1499 - setPackage(STM32F103C8Tx,LQFP48)
2023-10-17 14:28:53,125 [INFO] UtilMem:75 - Before build in PCC Used Memory: 508497032 Bytes (535822336)
2023-10-17 14:28:54,329 [INFO] UtilMem:75 - After build in PCC Used Memory: 508172216 Bytes (535822336)
2023-10-17 14:28:54,352 [INFO] IPUIPlugin:80 - create IPUIPlugin
2023-10-17 14:28:54,353 [INFO] IPUIPlugin:80 - create IPUIPlugin
2023-10-17 14:28:54,353 [INFO] IPUIPlugin:80 - create IPUIPlugin
2023-10-17 14:28:54,353 [INFO] IPUIPlugin:80 - create IPUIPlugin
2023-10-17 14:28:54,353 [INFO] IPUIPlugin:80 - create IPUIPlugin
2023-10-17 14:28:54,353 [INFO] IPUIPlugin:80 - create IPUIPlugin
2023-10-17 14:28:54,354 [INFO] IPUIPlugin:80 - create IPUIPlugin
2023-10-17 14:28:54,354 [INFO] IPUIPlugin:80 - create IPUIPlugin
2023-10-17 14:28:54,354 [INFO] IPUIPlugin:80 - create IPUIPlugin
2023-10-17 14:28:54,355 [INFO] IPUIPlugin:80 - create IPUIPlugin
2023-10-17 14:28:54,355 [INFO] IPUIPlugin:80 - create IPUIPlugin
2023-10-17 14:28:54,356 [INFO] IPUIPlugin:80 - create IPUIPlugin
2023-10-17 14:28:54,356 [INFO] IPUIPlugin:80 - create IPUIPlugin
2023-10-17 14:28:54,356 [INFO] IPUIPlugin:80 - create IPUIPlugin
2023-10-17 14:28:54,357 [INFO] IPUIPlugin:80 - create IPUIPlugin
2023-10-17 14:28:54,357 [INFO] IPUIPlugin:80 - create IPUIPlugin
2023-10-17 14:28:54,357 [INFO] IPUIPlugin:80 - create IPUIPlugin
2023-10-17 14:28:54,357 [INFO] IPUIPlugin:80 - create IPUIPlugin
2023-10-17 14:28:54,357 [INFO] IPUIPlugin:80 - create IPUIPlugin
2023-10-17 14:28:54,358 [INFO] IPUIPlugin:80 - create IPUIPlugin
2023-10-17 14:28:54,363 [INFO] IPUIPlugin:80 - create IPUIPlugin
2023-10-17 14:28:54,364 [INFO] IPUIPlugin:80 - create IPUIPlugin
2023-10-17 14:28:54,364 [INFO] IPUIPlugin:80 - create IPUIPlugin
2023-10-17 14:28:54,364 [INFO] IPUIPlugin:80 - create IPUIPlugin
2023-10-17 14:28:54,365 [INFO] IPUIPlugin:80 - create IPUIPlugin
2023-10-17 14:28:54,365 [INFO] IPUIPlugin:80 - create IPUIPlugin
2023-10-17 14:28:54,365 [INFO] IPUIPlugin:80 - create IPUIPlugin
2023-10-17 14:28:54,664 [INFO] CADModel:165 - CPN selected for project levelSTM32F103C8T6
2023-10-17 14:28:54,664 [INFO] CADModel:114 - Register for checkConnection events
2023-10-17 14:28:54,733 [INFO] OpenFileManager:328 - Restore cursor
2023-10-17 15:18:21,655 [INFO] MainUpdater:2854 - connection check result : 10
2023-10-17 15:18:21,691 [INFO] MainUpdater:2854 - connection check result : 10
2023-10-17 15:18:22,449 [INFO] MicroXplorer:468 - Change Database Path : 
2023-10-17 15:18:22,450 [INFO] MicroXplorer:498 - Change Database Version : DB.6.0.81
2023-10-17 15:18:22,826 [WARN] ThirdParty:871 - waiting for thirdparty lock release [close project]
2023-10-17 15:18:22,826 [INFO] ThirdParty:873 - entering critical section [close project]
2023-10-17 15:18:22,831 [INFO] ThirdParty:883 - exiting critical section [close project]
2023-10-17 15:18:22,855 [INFO] PinOutPanel:1499 - setPackage(No Configuration,No Configuration)
2023-10-17 15:18:23,002 [INFO] UtilMem:75 - Begin LoadConfig() Used Memory: 548801520 Bytes (583008256)
2023-10-17 15:18:23,004 [INFO] MicroXplorer:468 - Change Database Path : 
2023-10-17 15:18:23,004 [INFO] MicroXplorer:498 - Change Database Version : DB.6.0.81
2023-10-17 15:18:23,005 [INFO] OpenFileManager:308 - Change cursor
2023-10-17 15:18:23,155 [INFO] Mcu:1937 - Initializing MCU STM32F103C(8-B)Tx STM32F103C8Tx STM32F103C8T6
2023-10-17 15:18:24,963 [INFO] Context:659 - Trying to add GPIOservice into a context  which must be forbidden
2023-10-17 15:18:25,434 [INFO] RtosManager:555 - Registered RTOS mode: class=CMSIS, group=RTOS, mode=CMSIS_V1, owner=FREERTOS
2023-10-17 15:18:25,434 [INFO] RtosManager:555 - Registered RTOS mode: class=CMSIS, group=RTOS2, mode=CMSIS_V2, owner=FREERTOS
2023-10-17 15:18:25,435 [INFO] RtosManager:555 - Registered RTOS mode: class=RTOS, group=Core, mode=CMSIS_V1, owner=FREERTOS
2023-10-17 15:18:25,435 [INFO] RtosManager:555 - Registered RTOS mode: class=RTOS, group=Core, mode=CMSIS_V2, owner=FREERTOS
2023-10-17 15:18:25,435 [WARN] ModelIntegratedComponent:184 - Missing modes for component STMicroelectronics:FreeRTOS:0.0.1:STMicroelectronics:RTOS:FreeRTOS:Core:::10.2.0:
2023-10-17 15:18:25,458 [WARN] ModelIntegratedComponent:63 - No mode defined for component null
2023-10-17 15:18:25,458 [WARN] ModelIntegratedComponent:63 - No mode defined for component null
2023-10-17 15:18:25,459 [WARN] ModelIntegratedComponent:63 - No mode defined for component null
2023-10-17 15:18:25,459 [WARN] ModelIntegratedComponent:63 - No mode defined for component null
2023-10-17 15:18:25,459 [WARN] ModelIntegratedComponent:63 - No mode defined for component null
2023-10-17 15:18:25,459 [WARN] ModelIntegratedComponent:63 - No mode defined for component null
2023-10-17 15:18:25,459 [WARN] ModelIntegratedComponent:63 - No mode defined for component null
2023-10-17 15:18:25,460 [WARN] ModelIntegratedComponent:63 - No mode defined for component null
2023-10-17 15:18:25,460 [WARN] ModelIntegratedComponent:63 - No mode defined for component null
2023-10-17 15:18:25,460 [WARN] ModelIntegratedComponent:63 - No mode defined for component null
2023-10-17 15:18:25,460 [WARN] ModelIntegratedComponent:63 - No mode defined for component null
2023-10-17 15:18:25,460 [WARN] ModelIntegratedComponent:63 - No mode defined for component null
2023-10-17 15:18:25,464 [WARN] ModelIntegratedComponent:63 - No mode defined for component null
2023-10-17 15:18:25,464 [WARN] ModelIntegratedComponent:63 - No mode defined for component null
2023-10-17 15:18:25,464 [WARN] ModelIntegratedComponent:63 - No mode defined for component null
2023-10-17 15:18:25,465 [WARN] ModelIntegratedComponent:63 - No mode defined for component null
2023-10-17 15:18:25,465 [WARN] ModelIntegratedComponent:63 - No mode defined for component null
2023-10-17 15:18:25,465 [WARN] ModelIntegratedComponent:63 - No mode defined for component null
2023-10-17 15:18:25,465 [WARN] ModelIntegratedComponent:63 - No mode defined for component null
2023-10-17 15:18:25,465 [WARN] ModelIntegratedComponent:63 - No mode defined for component null
2023-10-17 15:18:25,466 [WARN] ModelIntegratedComponent:63 - No mode defined for component null
2023-10-17 15:18:25,466 [WARN] ModelIntegratedComponent:63 - No mode defined for component null
2023-10-17 15:18:25,466 [WARN] ModelIntegratedComponent:63 - No mode defined for component null
2023-10-17 15:18:25,466 [WARN] ModelIntegratedComponent:63 - No mode defined for component null
2023-10-17 15:18:25,466 [WARN] ModelIntegratedComponent:63 - No mode defined for component null
2023-10-17 15:18:25,467 [WARN] ModelIntegratedComponent:63 - No mode defined for component null
2023-10-17 15:18:25,467 [WARN] ModelIntegratedComponent:63 - No mode defined for component null
2023-10-17 15:18:25,467 [WARN] ModelIntegratedComponent:63 - No mode defined for component null
2023-10-17 15:18:25,467 [WARN] ModelIntegratedComponent:63 - No mode defined for component null
2023-10-17 15:18:25,467 [WARN] ModelIntegratedComponent:63 - No mode defined for component null
2023-10-17 15:18:25,468 [WARN] ModelIntegratedComponent:63 - No mode defined for component null
2023-10-17 15:18:25,468 [WARN] ModelIntegratedComponent:63 - No mode defined for component null
2023-10-17 15:18:25,468 [WARN] ModelIntegratedComponent:63 - No mode defined for component null
2023-10-17 15:18:25,485 [INFO] ThirdPartyModel:298 - Start build external matchings
2023-10-17 15:18:26,725 [INFO] ThirdPartyModel:316 - End build external matchings
2023-10-17 15:18:26,776 [INFO] ImportTextPane:194 - (OptionalMessage_ERROR) IP (DMA) : Parameter (Instance) has Id (TIM2_CH2/CH4) currently not set
2023-10-17 15:18:26,777 [INFO] ImportTextPane:194 - (OptionalMessage_ERROR) IP (DMA) : Parameter (Direction) has Id (TIM2_CH2/CH4) currently not set
2023-10-17 15:18:26,777 [INFO] ImportTextPane:194 - (OptionalMessage_ERROR) IP (DMA) : Parameter (PeriphInc) has Id (TIM2_CH2/CH4) currently not set
2023-10-17 15:18:26,777 [INFO] ImportTextPane:194 - (OptionalMessage_ERROR) IP (DMA) : Parameter (MemInc) has Id (TIM2_CH2/CH4) currently not set
2023-10-17 15:18:26,777 [INFO] ImportTextPane:194 - (OptionalMessage_ERROR) IP (DMA) : Parameter (PeriphDataAlignment) has Id (TIM2_CH2/CH4) currently not set
2023-10-17 15:18:26,778 [INFO] ImportTextPane:194 - (OptionalMessage_ERROR) IP (DMA) : Parameter (MemDataAlignment) has Id (TIM2_CH2/CH4) currently not set
2023-10-17 15:18:26,778 [INFO] ImportTextPane:194 - (OptionalMessage_ERROR) IP (DMA) : Parameter (Mode) has Id (TIM2_CH2/CH4) currently not set
2023-10-17 15:18:26,778 [INFO] ImportTextPane:194 - (OptionalMessage_ERROR) IP (DMA) : Parameter (Priority) has Id (TIM2_CH2/CH4) currently not set
2023-10-17 15:18:27,117 [INFO] UtilMem:75 - End LoadConfig() Used Memory: 551124624 Bytes (583008256)
2023-10-17 15:18:27,284 [WARN] ThirdParty:833 - waiting for thirdparty lock release [change project]
2023-10-17 15:18:27,285 [INFO] ThirdParty:835 - entering critical section [change project]
2023-10-17 15:18:27,285 [INFO] ThirdParty:1030 - CMSIS Pack Vendor :STMicroelectronics X-CUBE-ISPU 1.1.0
2023-10-17 15:18:27,285 [INFO] ThirdParty:1030 - CMSIS Pack Vendor :STMicroelectronics X-CUBE-GNSS1 6.0.0
2023-10-17 15:18:27,285 [INFO] ThirdParty:1030 - CMSIS Pack Vendor :STMicroelectronics USB_HOST 2.0.0
2023-10-17 15:18:27,285 [INFO] ThirdParty:1030 - CMSIS Pack Vendor :STMicroelectronics X-CUBE-AZRTOS-F4 1.1.0
2023-10-17 15:18:27,285 [INFO] ThirdParty:1030 - CMSIS Pack Vendor :STMicroelectronics LIBJPEG 8.0.0
2023-10-17 15:18:27,285 [INFO] ThirdParty:1030 - CMSIS Pack Vendor :STMicroelectronics X-CUBE-SMBUS 2.1.0
2023-10-17 15:18:27,287 [INFO] ThirdParty:1030 - CMSIS Pack Vendor :wolfSSL I-CUBE-wolfSSL 5.6.0
2023-10-17 15:18:27,287 [INFO] ThirdParty:1030 - CMSIS Pack Vendor :STMicroelectronics USB_DEVICE 3.0.0
2023-10-17 15:18:27,287 [INFO] ThirdParty:1030 - CMSIS Pack Vendor :STMicroelectronics X-CUBE-AZRTOS-WB 2.0.0
2023-10-17 15:18:27,287 [INFO] ThirdParty:1030 - CMSIS Pack Vendor :STMicroelectronics X-CUBE-FREERTOS 1.0.1
2023-10-17 15:18:27,287 [INFO] ThirdParty:1030 - CMSIS Pack Vendor :STMicroelectronics X-CUBE-AZRTOS-F7 1.1.0
2023-10-17 15:18:27,287 [INFO] ThirdParty:1030 - CMSIS Pack Vendor :STMicroelectronics X-CUBE-TOUCHGFX 4.21.4
2023-10-17 15:18:27,287 [INFO] ThirdParty:1030 - CMSIS Pack Vendor :STMicroelectronics X-CUBE-AZRTOS-L5 2.0.0
2023-10-17 15:18:27,287 [INFO] ThirdParty:1030 - CMSIS Pack Vendor :STMicroelectronics USB_DEVICE 2.0.0
2023-10-17 15:18:27,287 [INFO] ThirdParty:1030 - CMSIS Pack Vendor :STMicroelectronics X-CUBE-MEMS1 9.6.0
2023-10-17 15:18:27,287 [INFO] ThirdParty:1030 - CMSIS Pack Vendor :ITTIA_DB I-CUBE-ITTIADB 8.8.0
2023-10-17 15:18:27,287 [INFO] ThirdParty:1030 - CMSIS Pack Vendor :STMicroelectronics FP-SNS-MOTENV1 4.3.2
2023-10-17 15:18:27,287 [INFO] ThirdParty:1030 - CMSIS Pack Vendor :STMicroelectronics FP-SNS-MOTENV1 4.3.1
2023-10-17 15:18:27,287 [INFO] ThirdParty:1030 - CMSIS Pack Vendor :STMicroelectronics FP-SNS-FLIGHT1 5.0.1
2023-10-17 15:18:27,287 [INFO] ThirdParty:1030 - CMSIS Pack Vendor :STMicroelectronics X-CUBE-ALGOBUILD 1.3.0
2023-10-17 15:18:27,287 [INFO] ThirdParty:1030 - CMSIS Pack Vendor :STMicroelectronics X-CUBE-BLE1 6.2.4
2023-10-17 15:18:27,287 [INFO] ThirdParty:1030 - CMSIS Pack Vendor :STMicroelectronics X-CUBE-AZRTOS-L5 1.1.0
2023-10-17 15:18:27,287 [INFO] ThirdParty:1030 - CMSIS Pack Vendor :STMicroelectronics FreeRTOS 0.0.1
2023-10-17 15:18:27,287 [INFO] ThirdParty:1030 - CMSIS Pack Vendor :STMicroelectronics X-CUBE-AZRTOS-G0 1.1.0
2023-10-17 15:18:27,288 [INFO] ThirdParty:1030 - CMSIS Pack Vendor :emotas I-CUBE-CANOPEN 1.1.3
2023-10-17 15:18:27,289 [INFO] ThirdParty:1030 - CMSIS Pack Vendor :STMicroelectronics X-CUBE-BLEMGR 2.0.0
2023-10-17 15:18:27,289 [INFO] ThirdParty:1030 - CMSIS Pack Vendor :STMicroelectronics X-CUBE-AI 8.0.1
2023-10-17 15:18:27,289 [INFO] ThirdParty:1030 - CMSIS Pack Vendor :STMicroelectronics X-CUBE-NFC4 3.0.0
2023-10-17 15:18:27,289 [INFO] ThirdParty:1030 - CMSIS Pack Vendor :STMicroelectronics X-CUBE-SUBG2 5.0.0
2023-10-17 15:18:27,289 [INFO] ThirdParty:1030 - CMSIS Pack Vendor :STMicroelectronics STM32_WPAN 1.0.0
2023-10-17 15:18:27,289 [INFO] ThirdParty:1030 - CMSIS Pack Vendor :STMicroelectronics lwIP 2.0.3
2023-10-17 15:18:27,289 [INFO] ThirdParty:1030 - CMSIS Pack Vendor :STMicroelectronics FP-SNS-FLIGHT1 5.0.2
2023-10-17 15:18:27,289 [INFO] ThirdParty:1030 - CMSIS Pack Vendor :STMicroelectronics USB_HOST 1.0.0
2023-10-17 15:18:27,290 [INFO] ThirdParty:1030 - CMSIS Pack Vendor :STMicroelectronics X-CUBE-TOF1 3.3.1
2023-10-17 15:18:27,290 [INFO] ThirdParty:1030 - CMSIS Pack Vendor :STMicroelectronics X-CUBE-AZRTOS-G4 2.0.0
2023-10-17 15:18:27,290 [INFO] ThirdParty:1030 - CMSIS Pack Vendor :STMicroelectronics PDM2PCM 3.1.0
2023-10-17 15:18:27,290 [INFO] ThirdParty:1030 - CMSIS Pack Vendor :STMicroelectronics X-CUBE-AZRTOS-H7 3.1.0
2023-10-17 15:18:27,290 [INFO] ThirdParty:1030 - CMSIS Pack Vendor :STMicroelectronics X-CUBE-TOF1 3.3.0
2023-10-17 15:18:27,290 [INFO] ThirdParty:1030 - CMSIS Pack Vendor :Infineon AIROC-Wi-Fi-Bluetooth-STM32 1.5.1
2023-10-17 15:18:27,290 [INFO] ThirdParty:1030 - CMSIS Pack Vendor :STMicroelectronics PDM2PCM 3.3.0
2023-10-17 15:18:27,290 [INFO] ThirdParty:1030 - CMSIS Pack Vendor :STMicroelectronics X-CUBE-DISPLAY 3.0.0
2023-10-17 15:18:27,290 [INFO] ThirdParty:1030 - CMSIS Pack Vendor :STMicroelectronics X-CUBE-BLE1 7.0.0
2023-10-17 15:18:27,290 [INFO] ThirdParty:1030 - CMSIS Pack Vendor :STMicroelectronics FP-ATR-SIGFOX1 3.2.0
2023-10-17 15:18:27,290 [INFO] ThirdParty:1030 - CMSIS Pack Vendor :STMicroelectronics HAL Drivers 0.0.0
2023-10-17 15:18:27,291 [INFO] ThirdParty:1030 - CMSIS Pack Vendor :STMicroelectronics MBEDTLS 2.16.2
2023-10-17 15:18:27,291 [INFO] ThirdParty:1030 - CMSIS Pack Vendor :STMicroelectronics X-CUBE-FREERTOS 1.1.0
2023-10-17 15:18:27,291 [INFO] ThirdParty:1030 - CMSIS Pack Vendor :STMicroelectronics X-CUBE-TOUCHGFX 4.22.0
2023-10-17 15:18:27,291 [INFO] ThirdParty:1030 - CMSIS Pack Vendor :STMicroelectronics X-CUBE-NFC7 1.0.1
2023-10-17 15:18:27,291 [INFO] ThirdParty:1030 - CMSIS Pack Vendor :STMicroelectronics MBEDTLS 2.14.1
2023-10-17 15:18:27,291 [INFO] ThirdParty:1030 - CMSIS Pack Vendor :STMicroelectronics X-CUBE-NFC7 1.0.0
2023-10-17 15:18:27,291 [INFO] ThirdParty:1030 - CMSIS Pack Vendor :STMicroelectronics X-CUBE-TOUCHGFX 4.22.1
2023-10-17 15:18:27,292 [INFO] ThirdParty:1030 - CMSIS Pack Vendor :STMicroelectronics X-CUBE-AZRTOS-WL 1.0.0
2023-10-17 15:18:27,292 [INFO] ThirdParty:1030 - CMSIS Pack Vendor :STMicroelectronics X-CUBE-NFC6 3.0.0
2023-10-17 15:18:27,292 [INFO] ThirdParty:1030 - CMSIS Pack Vendor :STMicroelectronics X-CUBE-EEPRMA1 4.1.0
2023-10-17 15:18:27,292 [INFO] ThirdParty:1030 - CMSIS Pack Vendor :portGmbH I-Cube-SoM-uGOAL 1.1.0
2023-10-17 15:18:27,292 [INFO] ThirdParty:1030 - CMSIS Pack Vendor :STMicroelectronics X-CUBE-ALS 1.0.1
2023-10-17 15:18:27,292 [INFO] ThirdParty:1030 - CMSIS Pack Vendor :STMicroelectronics ThreadX 1.0.0
2023-10-17 15:18:27,292 [INFO] ThirdParty:1030 - CMSIS Pack Vendor :STMicroelectronics FP-SNS-SMARTAG2 1.2.0
2023-10-17 15:18:27,292 [INFO] ThirdParty:1030 - CMSIS Pack Vendor :STMicroelectronics X-CUBE-AZRTOS-WB 1.1.0
2023-10-17 15:18:27,292 [INFO] ThirdParty:1030 - CMSIS Pack Vendor :SEGGER I-CUBE-embOS 1.3.1
2023-10-17 15:18:27,292 [INFO] ThirdParty:1030 - CMSIS Pack Vendor :STMicroelectronics USB_DEVICE 1.0.0
2023-10-17 15:18:27,293 [INFO] ThirdParty:1030 - CMSIS Pack Vendor :STMicroelectronics X-CUBE-AI 8.1.0
2023-10-17 15:18:27,293 [INFO] ThirdParty:1030 - CMSIS Pack Vendor :STMicroelectronics X-CUBE-AZRTOS-L4 2.0.0
2023-10-17 15:18:27,293 [INFO] ThirdParty:1030 - CMSIS Pack Vendor :STMicroelectronics ThreadX 0.0.2
2023-10-17 15:18:27,293 [INFO] ThirdParty:1030 - CMSIS Pack Vendor :WES I-CUBE-Cesium 1.3.0
2023-10-17 15:18:27,293 [INFO] ThirdParty:1030 - CMSIS Pack Vendor :STMicroelectronics FP-ATR-ASTRA1 2.0.0
2023-10-17 15:18:27,293 [INFO] ThirdParty:1030 - CMSIS Pack Vendor :STMicroelectronics lwIP 2.1.2
2023-10-17 15:18:27,293 [INFO] ThirdParty:1030 - CMSIS Pack Vendor :STMicroelectronics X-CUBE-SFXS2LP1 4.0.0
2023-10-17 15:18:27,293 [INFO] ThirdParty:1030 - CMSIS Pack Vendor :STMicroelectronics X-CUBE-BLE2 3.3.0
2023-10-17 15:18:27,293 [INFO] ThirdParty:1030 - CMSIS Pack Vendor :STMicroelectronics PDM2PCM 3.2.0
2023-10-17 15:18:27,293 [INFO] ThirdParty:841 - exiting critical section [change project]
2023-10-17 15:18:27,601 [INFO] PinOutPanel:1499 - setPackage(No Configuration,No Configuration)
2023-10-17 15:18:27,606 [INFO] PinOutPanel:1499 - setPackage(STM32F103C8Tx,LQFP48)
2023-10-17 15:18:28,096 [INFO] UtilMem:75 - Before build in PCC Used Memory: 547023952 Bytes (583008256)
2023-10-17 15:18:28,699 [INFO] UtilMem:75 - After build in PCC Used Memory: 543806304 Bytes (583008256)
2023-10-17 15:18:28,717 [INFO] IPUIPlugin:80 - create IPUIPlugin
2023-10-17 15:18:28,717 [INFO] IPUIPlugin:80 - create IPUIPlugin
2023-10-17 15:18:28,717 [INFO] IPUIPlugin:80 - create IPUIPlugin
2023-10-17 15:18:28,717 [INFO] IPUIPlugin:80 - create IPUIPlugin
2023-10-17 15:18:28,717 [INFO] IPUIPlugin:80 - create IPUIPlugin
2023-10-17 15:18:28,718 [INFO] IPUIPlugin:80 - create IPUIPlugin
2023-10-17 15:18:28,718 [INFO] IPUIPlugin:80 - create IPUIPlugin
2023-10-17 15:18:28,718 [INFO] IPUIPlugin:80 - create IPUIPlugin
2023-10-17 15:18:28,718 [INFO] IPUIPlugin:80 - create IPUIPlugin
2023-10-17 15:18:28,718 [INFO] IPUIPlugin:80 - create IPUIPlugin
2023-10-17 15:18:28,718 [INFO] IPUIPlugin:80 - create IPUIPlugin
2023-10-17 15:18:28,719 [INFO] IPUIPlugin:80 - create IPUIPlugin
2023-10-17 15:18:28,719 [INFO] IPUIPlugin:80 - create IPUIPlugin
2023-10-17 15:18:28,719 [INFO] IPUIPlugin:80 - create IPUIPlugin
2023-10-17 15:18:28,719 [INFO] IPUIPlugin:80 - create IPUIPlugin
2023-10-17 15:18:28,719 [INFO] IPUIPlugin:80 - create IPUIPlugin
2023-10-17 15:18:28,719 [INFO] IPUIPlugin:80 - create IPUIPlugin
2023-10-17 15:18:28,719 [INFO] IPUIPlugin:80 - create IPUIPlugin
2023-10-17 15:18:28,749 [INFO] IPUIPlugin:80 - create IPUIPlugin
2023-10-17 15:18:28,749 [INFO] IPUIPlugin:80 - create IPUIPlugin
2023-10-17 15:18:28,749 [INFO] IPUIPlugin:80 - create IPUIPlugin
2023-10-17 15:18:28,749 [INFO] IPUIPlugin:80 - create IPUIPlugin
2023-10-17 15:18:28,749 [INFO] IPUIPlugin:80 - create IPUIPlugin
2023-10-17 15:18:28,749 [INFO] IPUIPlugin:80 - create IPUIPlugin
2023-10-17 15:18:28,750 [INFO] IPUIPlugin:80 - create IPUIPlugin
2023-10-17 15:18:28,750 [INFO] IPUIPlugin:80 - create IPUIPlugin
2023-10-17 15:18:28,750 [INFO] IPUIPlugin:80 - create IPUIPlugin
2023-10-17 15:18:28,792 [INFO] CADModel:165 - CPN selected for project levelSTM32F103C8T6
2023-10-17 15:18:28,792 [INFO] CADModel:114 - Register for checkConnection events
2023-10-17 15:18:28,837 [INFO] OpenFileManager:328 - Restore cursor
2023-10-17 15:20:39,888 [WARN] IP:2113 - I2C_Coeff_DF not found: check if there is a RefParameter without a condition.
2023-10-17 15:20:39,889 [WARN] IP:2113 - Analog_Filter not found: check if there is a RefParameter without a condition.
2023-10-17 15:20:39,963 [WARN] IP:2113 - I2C_Coeff_DF not found: check if there is a RefParameter without a condition.
2023-10-17 15:20:39,963 [WARN] IP:2113 - Analog_Filter not found: check if there is a RefParameter without a condition.
2023-10-17 15:20:39,964 [WARN] IP:2113 - I2C_Coeff_DF not found: check if there is a RefParameter without a condition.
2023-10-17 15:20:39,964 [WARN] IP:2113 - Analog_Filter not found: check if there is a RefParameter without a condition.
2023-10-17 15:20:40,058 [WARN] IP:2113 - I2C_Coeff_DF not found: check if there is a RefParameter without a condition.
2023-10-17 15:20:40,058 [WARN] IP:2113 - Analog_Filter not found: check if there is a RefParameter without a condition.
2023-10-17 15:20:40,061 [WARN] IP:2113 - I2C_Coeff_DF not found: check if there is a RefParameter without a condition.
2023-10-17 15:20:40,062 [WARN] IP:2113 - Analog_Filter not found: check if there is a RefParameter without a condition.
2023-10-17 15:20:47,371 [WARN] IP:2113 - I2C_Coeff_DF not found: check if there is a RefParameter without a condition.
2023-10-17 15:20:47,371 [WARN] IP:2113 - Analog_Filter not found: check if there is a RefParameter without a condition.
2023-10-17 15:20:50,550 [INFO] NvicIntPanel:101 - NVIC parent = com.st.microxplorer.plugins.ip.nvic.MultiNvicIntPanel[,0,0,450x157,layout=javax.swing.BoxLayout,alignmentX=0.0,alignmentY=0.0,border=,flags=9,maximumSize=,minimumSize=,preferredSize=]
2023-10-17 15:21:57,141 [INFO] UtilMem:75 - End SaveConfig() Used Memory: 545462160 Bytes (602931200)
2023-10-17 15:21:59,086 [INFO] UtilMem:75 - End SaveConfig() Used Memory: 530488256 Bytes (602931200)
2023-10-17 15:22:01,388 [INFO] UtilMem:75 - End SaveConfig() Used Memory: 533258440 Bytes (602931200)
2023-10-17 15:22:02,482 [INFO] BlockDiagram:2759 - set Specific Code input for plugin: NVIC
2023-10-17 15:22:02,482 [INFO] BlockDiagram:2759 - set Specific Code input for plugin: DMA
2023-10-17 15:22:02,482 [INFO] BlockDiagram:2759 - set Specific Code input for plugin: TIM1_8F1
2023-10-17 15:22:02,482 [INFO] BlockDiagram:2759 - set Specific Code input for plugin: GPIO
2023-10-17 15:22:02,483 [INFO] BlockDiagram:2759 - set Specific Code input for plugin: RCC
2023-10-17 15:22:02,483 [INFO] BlockDiagram:2759 - set Specific Code input for plugin: I2C
2023-10-17 15:22:02,486 [INFO] CodeGenerator:793 - code generatio: config db path: C:\ST\STM32CubeIDE_1.9.0\STM32CubeIDE\plugins\com.st.stm32cube.common.mx_6.8.1.202304191431\\db\
2023-10-17 15:22:02,498 [WARN] IP:2113 - I2C_Coeff_DF not found: check if there is a RefParameter without a condition.
2023-10-17 15:22:02,498 [WARN] IP:2113 - Analog_Filter not found: check if there is a RefParameter without a condition.
2023-10-17 15:22:03,047 [INFO] CodeEngine:255 - oldGeneratedFile, C:\Users\kking\OneDrive\Documents\AVS\Code\Reaction Wheel Flight code\MXTmpFiles\license.tmp_save
2023-10-17 15:22:03,758 [INFO] CodeEngine:279 - Generated code: C:\Users\kking\OneDrive\Documents\AVS\Code\Reaction Wheel Flight code\MXTmpFiles\license.tmp
2023-10-17 15:22:03,931 [INFO] CodeEngine:255 - oldGeneratedFile, C:\Users\kking\OneDrive\Documents\AVS\Code\Reaction Wheel Flight code\MXTmpFiles\gpio.tmp_save
2023-10-17 15:22:04,607 [INFO] CodeEngine:279 - Generated code: C:\Users\kking\OneDrive\Documents\AVS\Code\Reaction Wheel Flight code\MXTmpFiles\gpio.tmp
2023-10-17 15:22:04,857 [INFO] CodeEngine:255 - oldGeneratedFile, C:\Users\kking\OneDrive\Documents\AVS\Code\Reaction Wheel Flight code\MXTmpFiles\dma.tmp_save
2023-10-17 15:22:05,027 [INFO] CodeEngine:279 - Generated code: C:\Users\kking\OneDrive\Documents\AVS\Code\Reaction Wheel Flight code\MXTmpFiles\dma.tmp
2023-10-17 15:22:05,045 [INFO] CodeEngine:255 - oldGeneratedFile, C:\Users\kking\OneDrive\Documents\AVS\Code\Reaction Wheel Flight code\MXTmpFiles\dma_GV.tmp_save
2023-10-17 15:22:05,157 [INFO] CodeEngine:279 - Generated code: C:\Users\kking\OneDrive\Documents\AVS\Code\Reaction Wheel Flight code\MXTmpFiles\dma_GV.tmp
2023-10-17 15:22:05,214 [INFO] CodeEngine:255 - oldGeneratedFile, C:\Users\kking\OneDrive\Documents\AVS\Code\Reaction Wheel Flight code\Core\Src\stm32f1xx_it.c_save
2023-10-17 15:22:05,546 [INFO] CodeEngine:279 - Generated code: C:\Users\kking\OneDrive\Documents\AVS\Code\Reaction Wheel Flight code\Core\Src\stm32f1xx_it.c
2023-10-17 15:22:05,567 [INFO] CodeEngine:255 - oldGeneratedFile, C:\Users\kking\OneDrive\Documents\AVS\Code\Reaction Wheel Flight code\Core\Inc\stm32f1xx_it.h_save
2023-10-17 15:22:05,736 [INFO] CodeEngine:279 - Generated code: C:\Users\kking\OneDrive\Documents\AVS\Code\Reaction Wheel Flight code\Core\Inc\stm32f1xx_it.h
2023-10-17 15:22:05,818 [INFO] CodeEngine:255 - oldGeneratedFile, C:\Users\kking\OneDrive\Documents\AVS\Code\Reaction Wheel Flight code\Core\Src\stm32f1xx_hal_msp.c_save
2023-10-17 15:22:06,116 [INFO] CodeEngine:279 - Generated code: C:\Users\kking\OneDrive\Documents\AVS\Code\Reaction Wheel Flight code\Core\Src\stm32f1xx_hal_msp.c
2023-10-17 15:22:06,169 [INFO] CodeEngine:255 - oldGeneratedFile, C:\Users\kking\OneDrive\Documents\AVS\Code\Reaction Wheel Flight code\MXTmpFiles\system.tmp_save
2023-10-17 15:22:06,791 [INFO] CodeEngine:279 - Generated code: C:\Users\kking\OneDrive\Documents\AVS\Code\Reaction Wheel Flight code\MXTmpFiles\system.tmp
2023-10-17 15:22:06,840 [INFO] CodeEngine:311 - oldGeneratedFile, C:\Users\kking\OneDrive\Documents\AVS\Code\Reaction Wheel Flight code\Core\Inc\stm32f1xx_hal_conf.h_save
2023-10-17 15:22:07,046 [INFO] CodeEngine:335 - Generated code: C:\Users\kking\OneDrive\Documents\AVS\Code\Reaction Wheel Flight code\Core\Inc\stm32f1xx_hal_conf.h
2023-10-17 15:22:07,111 [WARN] IPConfigManager:3431 - IP not found : TIM
2023-10-17 15:22:07,113 [WARN] CodeGenerator:3754 - IP not found : null
2023-10-17 15:22:07,157 [INFO] CodeEngine:255 - oldGeneratedFile, C:\Users\kking\OneDrive\Documents\AVS\Code\Reaction Wheel Flight code\Core\Inc\main.h_save
2023-10-17 15:22:07,370 [INFO] CodeEngine:279 - Generated code: C:\Users\kking\OneDrive\Documents\AVS\Code\Reaction Wheel Flight code\Core\Inc\main.h
2023-10-17 15:22:07,398 [INFO] CodeEngine:255 - oldGeneratedFile, C:\Users\kking\OneDrive\Documents\AVS\Code\Reaction Wheel Flight code\Core\Src\main.c_save
2023-10-17 15:22:07,689 [INFO] CodeEngine:279 - Generated code: C:\Users\kking\OneDrive\Documents\AVS\Code\Reaction Wheel Flight code\Core\Src\main.c
2023-10-17 15:22:08,946 [INFO] ProjectBuilder:2996 - Time for Copy HAL[1] : 437mS.
2023-10-17 15:22:08,971 [INFO] ProjectBuilder:4304 - Project Generator version: 3.19.2
2023-10-17 15:22:09,411 [INFO] ConfigFileManager:1483 - The Die is : DIE410
2023-10-17 15:22:09,440 [INFO] ApiDbMcu:507 - Load IP Config File for FATFS
2023-10-17 15:22:09,454 [INFO] ApiDbMcu:507 - Load IP Config File for FREERTOS
2023-10-17 15:22:09,474 [INFO] ApiDbMcu:507 - Load IP Config File for USB_DEVICE
2023-10-17 15:22:12,603 [INFO] LogOutputStream:77 - [STDOUT_REDIRECT] 
2023-10-17 15:22:17,253 [INFO] ProjectBuilder:4505 - Time for Generating toolchain IDE Files: 8278mS.
2023-10-17 15:22:17,257 [INFO] ProjectBuilder:2867 - Time for Copy CMSIS : 2mS.
2023-10-17 15:22:17,267 [INFO] ProjectBuilder:2867 - Time for Copy CMSIS : 0mS.
